SF:C:\Users\dmitrijs.minajevs\Source\Repos\GeekBudget.Api\GeekBudget\Program.cs
FN:14,System.Void GeekBudget.Program::Main(System.String[])
FNDA:0,System.Void GeekBudget.Program::Main(System.String[])
DA:15,0
DA:19,0
DA:20,0
FN:22,Microsoft.AspNetCore.Hosting.IWebHost GeekBudget.Program::BuildWebHost(System.String[])
FNDA:0,Microsoft.AspNetCore.Hosting.IWebHost GeekBudget.Program::BuildWebHost(System.String[])
DA:23,0
DA:24,0
DA:25,0
LF:6
LH:0
BRF:0
BRH:0
FNF:2
FNH:0
end_of_record
SF:C:\Users\dmitrijs.minajevs\Source\Repos\GeekBudget.Api\GeekBudget\Startup.cs
FN:37,Microsoft.Extensions.Configuration.IConfigurationRoot GeekBudget.Startup::get_Configuration()
FNDA:0,Microsoft.Extensions.Configuration.IConfigurationRoot GeekBudget.Startup::get_Configuration()
DA:38,0
FN:41,System.IServiceProvider GeekBudget.Startup::ConfigureServices(Microsoft.Extensions.DependencyInjection.IServiceCollection)
FNDA:0,System.IServiceProvider GeekBudget.Startup::ConfigureServices(Microsoft.Extensions.DependencyInjection.IServiceCollection)
DA:42,0
DA:44,0
DA:47,0
DA:48,0
DA:49,0
DA:50,0
DA:55,0
DA:56,0
DA:59,0
DA:62,0
DA:65,0
DA:66,0
DA:67,0
DA:69,0
DA:70,0
DA:75,0
DA:77,0
DA:78,0
BRDA:47,20,0,0
BRDA:47,20,1,0
FN:81,System.Void GeekBudget.Startup::Configure(Microsoft.AspNetCore.Builder.IApplicationBuilder,Microsoft.AspNetCore.Hosting.IHostingEnvironment,Microsoft.Extensions.Logging.ILoggerFactory,System.IServiceProvider)
FNDA:0,System.Void GeekBudget.Startup::Configure(Microsoft.AspNetCore.Builder.IApplicationBuilder,Microsoft.AspNetCore.Hosting.IHostingEnvironment,Microsoft.Extensions.Logging.ILoggerFactory,System.IServiceProvider)
DA:82,0
DA:83,0
DA:85,0
DA:86,0
DA:89,0
DA:92,0
DA:95,0
DA:96,0
DA:97,0
DA:98,0
DA:100,0
DA:101,0
BRDA:95,71,0,0
BRDA:95,71,1,0
FN:103,System.Void GeekBudget.Startup::InitializeDatabase(System.IServiceProvider)
FNDA:0,System.Void GeekBudget.Startup::InitializeDatabase(System.IServiceProvider)
DA:104,0
DA:105,0
DA:106,0
DA:107,0
DA:108,0
DA:109,0
LF:37
LH:0
BRF:4
BRH:0
FNF:4
FNH:0
end_of_record
SF:C:\Users\dmitrijs.minajevs\Source\Repos\GeekBudget.Api\GeekBudget\Validators\Implementations\OperationValidators.cs
FN:12,GeekBudget.Models.Error GeekBudget.Validators.Implementations.OperationValidators::OperationViewModelIsNull()
FNDA:0,GeekBudget.Models.Error GeekBudget.Validators.Implementations.OperationValidators::OperationViewModelIsNull()
DA:13,0
FN:13,GeekBudget.Models.Error GeekBudget.Validators.Implementations.OperationValidators::FromIsNull()
FNDA:0,GeekBudget.Models.Error GeekBudget.Validators.Implementations.OperationValidators::FromIsNull()
DA:14,0
FN:14,GeekBudget.Models.Error GeekBudget.Validators.Implementations.OperationValidators::ToIsNull()
FNDA:0,GeekBudget.Models.Error GeekBudget.Validators.Implementations.OperationValidators::ToIsNull()
DA:15,0
FN:15,GeekBudget.Models.Error GeekBudget.Validators.Implementations.OperationValidators::FromAndToAreEqual()
FNDA:0,GeekBudget.Models.Error GeekBudget.Validators.Implementations.OperationValidators::FromAndToAreEqual()
DA:16,0
FN:16,GeekBudget.Models.Error GeekBudget.Validators.Implementations.OperationValidators::NoOperationWithId(System.Int32)
FNDA:0,GeekBudget.Models.Error GeekBudget.Validators.Implementations.OperationValidators::NoOperationWithId(System.Int32)
DA:17,0
FN:28,System.Void GeekBudget.Validators.Implementations.OperationValidators/<IdExists>d__8::MoveNext()
FNDA:0,System.Void GeekBudget.Validators.Implementations.OperationValidators/<IdExists>d__8::MoveNext()
DA:29,0
DA:30,0
DA:32,0
DA:33,0
DA:35,0
DA:36,0
BRDA:29,14,0,0
BRDA:29,14,1,0
BRDA:32,291,0,0
BRDA:32,291,1,0
BRDA:32,385,0,0
BRDA:32,385,1,0
BRDA:35,445,0,0
BRDA:35,445,1,0
FN:38,System.Void GeekBudget.Validators.Implementations.OperationValidators/<FromNotNull>d__9::MoveNext()
FNDA:0,System.Void GeekBudget.Validators.Implementations.OperationValidators/<FromNotNull>d__9::MoveNext()
DA:39,0
DA:40,0
DA:42,0
DA:43,0
DA:45,0
DA:46,0
BRDA:42,50,0,0
BRDA:42,50,1,0
BRDA:45,94,0,0
BRDA:45,94,1,0
FN:48,System.Void GeekBudget.Validators.Implementations.OperationValidators/<ToNotNull>d__10::MoveNext()
FNDA:0,System.Void GeekBudget.Validators.Implementations.OperationValidators/<ToNotNull>d__10::MoveNext()
DA:49,0
DA:50,0
DA:52,0
DA:53,0
DA:55,0
DA:56,0
BRDA:52,50,0,0
BRDA:52,50,1,0
BRDA:55,94,0,0
BRDA:55,94,1,0
FN:58,System.Void GeekBudget.Validators.Implementations.OperationValidators/<FromAndToAreNotEqual>d__11::MoveNext()
FNDA:0,System.Void GeekBudget.Validators.Implementations.OperationValidators/<FromAndToAreNotEqual>d__11::MoveNext()
DA:59,0
DA:60,0
DA:62,0
DA:63,0
DA:65,0
DA:66,0
DA:68,0
DA:69,0
BRDA:59,14,0,0
BRDA:59,14,1,0
BRDA:62,59,0,0
BRDA:62,59,1,0
BRDA:62,88,0,0
BRDA:62,88,1,0
BRDA:63,115,0,0
BRDA:63,115,1,0
BRDA:65,251,0,0
BRDA:65,251,1,0
BRDA:65,276,0,0
BRDA:65,276,1,0
BRDA:68,320,0,0
BRDA:68,320,1,0
FN:71,System.Void GeekBudget.Validators.Implementations.OperationValidators/<FromTabExists>d__12::MoveNext()
FNDA:0,System.Void GeekBudget.Validators.Implementations.OperationValidators/<FromTabExists>d__12::MoveNext()
DA:72,0
DA:73,0
DA:77,0
DA:79,0
DA:80,0
BRDA:77,98,0,0
BRDA:77,98,1,0
FN:82,System.Void GeekBudget.Validators.Implementations.OperationValidators/<ToTabExists>d__13::MoveNext()
FNDA:0,System.Void GeekBudget.Validators.Implementations.OperationValidators/<ToTabExists>d__13::MoveNext()
DA:83,0
DA:84,0
DA:88,0
DA:90,0
DA:91,0
BRDA:88,98,0,0
BRDA:88,98,1,0
FN:93,System.Void GeekBudget.Validators.Implementations.OperationValidators/<NotNull>d__14::MoveNext()
FNDA:0,System.Void GeekBudget.Validators.Implementations.OperationValidators/<NotNull>d__14::MoveNext()
DA:94,0
DA:95,0
DA:97,0
DA:98,0
DA:100,0
DA:101,0
BRDA:97,37,0,0
BRDA:97,37,1,0
BRDA:100,80,0,0
BRDA:100,80,1,0
LF:47
LH:0
BRF:38
BRH:0
FNF:12
FNH:0
end_of_record
SF:C:\Users\dmitrijs.minajevs\Source\Repos\GeekBudget.Api\GeekBudget\Validators\Implementations\TabValidators.cs
FN:14,GeekBudget.Models.Error GeekBudget.Validators.Implementations.TabValidators::TabViewModelIsNull()
FNDA:0,GeekBudget.Models.Error GeekBudget.Validators.Implementations.TabValidators::TabViewModelIsNull()
DA:15,0
FN:15,GeekBudget.Models.Error GeekBudget.Validators.Implementations.TabValidators::NoTabWithId(System.Int32)
FNDA:0,GeekBudget.Models.Error GeekBudget.Validators.Implementations.TabValidators::NoTabWithId(System.Int32)
DA:16,0
FN:16,GeekBudget.Models.Error GeekBudget.Validators.Implementations.TabValidators::TabTypeIsRequired()
FNDA:0,GeekBudget.Models.Error GeekBudget.Validators.Implementations.TabValidators::TabTypeIsRequired()
DA:17,0
FN:26,System.Void GeekBudget.Validators.Implementations.TabValidators/<IdExists>d__5::MoveNext()
FNDA:0,System.Void GeekBudget.Validators.Implementations.TabValidators/<IdExists>d__5::MoveNext()
DA:27,0
DA:28,0
DA:30,0
DA:31,0
DA:33,0
DA:34,0
BRDA:27,14,0,0
BRDA:27,14,1,0
BRDA:30,291,0,0
BRDA:30,291,1,0
BRDA:30,385,0,0
BRDA:30,385,1,0
BRDA:33,445,0,0
BRDA:33,445,1,0
FN:36,System.Void GeekBudget.Validators.Implementations.TabValidators/<TabTypeRequired>d__6::MoveNext()
FNDA:0,System.Void GeekBudget.Validators.Implementations.TabValidators/<TabTypeRequired>d__6::MoveNext()
DA:37,0
DA:38,0
DA:40,0
DA:41,0
DA:43,0
DA:44,0
BRDA:40,50,0,0
BRDA:40,50,1,0
BRDA:43,95,0,0
BRDA:43,95,1,0
FN:46,System.Void GeekBudget.Validators.Implementations.TabValidators/<NotNull>d__7::MoveNext()
FNDA:0,System.Void GeekBudget.Validators.Implementations.TabValidators/<NotNull>d__7::MoveNext()
DA:47,0
DA:48,0
DA:50,0
DA:51,0
DA:53,0
DA:54,0
BRDA:50,37,0,0
BRDA:50,37,1,0
BRDA:53,81,0,0
BRDA:53,81,1,0
LF:21
LH:0
BRF:16
BRH:0
FNF:6
FNH:0
end_of_record
SF:C:\Users\dmitrijs.minajevs\Source\Repos\GeekBudget.Api\GeekBudget\Services\Implementations\MappingService.cs
FN:10,GeekBudget.Models.Tab GeekBudget.Services.Implementations.MappingService::Map(GeekBudget.Models.ViewModels.TabViewModel)
FNDA:2,GeekBudget.Models.Tab GeekBudget.Services.Implementations.MappingService::Map(GeekBudget.Models.ViewModels.TabViewModel)
DA:11,2
DA:12,2
DA:13,2
DA:14,2
DA:15,2
DA:16,2
DA:17,2
BRDA:11,33,0,3
BRDA:11,33,1,0
BRDA:11,83,0,3
BRDA:11,83,1,0
FN:18,GeekBudget.Models.ViewModels.TabViewModel GeekBudget.Services.Implementations.MappingService::Map(GeekBudget.Models.Tab)
FNDA:3,GeekBudget.Models.ViewModels.TabViewModel GeekBudget.Services.Implementations.MappingService::Map(GeekBudget.Models.Tab)
DA:19,3
DA:20,3
DA:21,3
DA:22,3
DA:23,3
DA:24,3
DA:25,3
DA:26,3
FN:27,System.Collections.Generic.IEnumerable`1<GeekBudget.Models.ViewModels.TabViewModel> GeekBudget.Services.Implementations.MappingService::Map(System.Collections.Generic.IEnumerable`1<GeekBudget.Models.Tab>)
FNDA:1,System.Collections.Generic.IEnumerable`1<GeekBudget.Models.ViewModels.TabViewModel> GeekBudget.Services.Implementations.MappingService::Map(System.Collections.Generic.IEnumerable`1<GeekBudget.Models.Tab>)
DA:28,1
FN:29,GeekBudget.Models.Operation GeekBudget.Services.Implementations.MappingService::Map(GeekBudget.Models.ViewModels.OperationViewModel)
FNDA:1,GeekBudget.Models.Operation GeekBudget.Services.Implementations.MappingService::Map(GeekBudget.Models.ViewModels.OperationViewModel)
DA:30,1
DA:31,1
DA:32,1
DA:33,1
DA:34,1
DA:35,1
DA:36,1
BRDA:30,33,0,1
BRDA:30,33,1,0
FN:37,GeekBudget.Models.ViewModels.OperationViewModel GeekBudget.Services.Implementations.MappingService::Map(GeekBudget.Models.Operation)
FNDA:4,GeekBudget.Models.ViewModels.OperationViewModel GeekBudget.Services.Implementations.MappingService::Map(GeekBudget.Models.Operation)
DA:38,4
DA:39,4
DA:40,4
DA:41,4
DA:42,4
DA:43,4
DA:44,4
DA:45,4
DA:46,4
DA:47,4
FN:48,System.Collections.Generic.IEnumerable`1<GeekBudget.Models.ViewModels.OperationViewModel> GeekBudget.Services.Implementations.MappingService::Map(System.Collections.Generic.IEnumerable`1<GeekBudget.Models.Operation>)
FNDA:2,System.Collections.Generic.IEnumerable`1<GeekBudget.Models.ViewModels.OperationViewModel> GeekBudget.Services.Implementations.MappingService::Map(System.Collections.Generic.IEnumerable`1<GeekBudget.Models.Operation>)
DA:49,2
LF:34
LH:34
BRF:6
BRH:3
FNF:6
FNH:6
end_of_record
SF:C:\Users\dmitrijs.minajevs\Source\Repos\GeekBudget.Api\GeekBudget\Services\Implementations\OperationService.cs
FN:18,GeekBudget.Models.Error GeekBudget.Services.Implementations.OperationService::AddOperationNotAllowed()
FNDA:0,GeekBudget.Models.Error GeekBudget.Services.Implementations.OperationService::AddOperationNotAllowed()
DA:19,0
FN:20,GeekBudget.Models.Error GeekBudget.Services.Implementations.OperationService::NoOperationWithId(System.Int32)
FNDA:0,GeekBudget.Models.Error GeekBudget.Services.Implementations.OperationService::NoOperationWithId(System.Int32)
DA:21,0
FN:22,GeekBudget.Models.Error GeekBudget.Services.Implementations.OperationService::ChangeOperationNotAllowed()
FNDA:0,GeekBudget.Models.Error GeekBudget.Services.Implementations.OperationService::ChangeOperationNotAllowed()
DA:23,0
FN:229,System.Void GeekBudget.Services.Implementations.OperationService::RemoveFromTab(GeekBudget.Models.Operation)
FNDA:0,System.Void GeekBudget.Services.Implementations.OperationService::RemoveFromTab(GeekBudget.Models.Operation)
DA:230,0
DA:231,0
DA:232,0
DA:233,0
DA:234,0
FN:236,System.Void GeekBudget.Services.Implementations.OperationService::RemoveToTab(GeekBudget.Models.Operation)
FNDA:0,System.Void GeekBudget.Services.Implementations.OperationService::RemoveToTab(GeekBudget.Models.Operation)
DA:237,0
DA:238,0
DA:239,0
DA:240,0
DA:241,0
FN:243,System.Void GeekBudget.Services.Implementations.OperationService::AddFromTab(GeekBudget.Models.Tab,GeekBudget.Models.Operation)
FNDA:0,System.Void GeekBudget.Services.Implementations.OperationService::AddFromTab(GeekBudget.Models.Tab,GeekBudget.Models.Operation)
DA:244,0
DA:245,0
DA:246,0
DA:247,0
DA:248,0
FN:250,System.Void GeekBudget.Services.Implementations.OperationService::AddToTab(GeekBudget.Models.Tab,GeekBudget.Models.Operation)
FNDA:0,System.Void GeekBudget.Services.Implementations.OperationService::AddToTab(GeekBudget.Models.Tab,GeekBudget.Models.Operation)
DA:251,0
DA:252,0
DA:253,0
DA:254,0
DA:255,0
FN:34,System.Void GeekBudget.Services.Implementations.OperationService/<GetAll>d__6::MoveNext()
FNDA:0,System.Void GeekBudget.Services.Implementations.OperationService/<GetAll>d__6::MoveNext()
DA:35,0
DA:36,0
DA:37,0
DA:38,0
DA:40,0
DA:41,0
BRDA:36,63,0,0
BRDA:36,63,1,0
FN:43,System.Void GeekBudget.Services.Implementations.OperationService/<Get>d__7::MoveNext()
FNDA:0,System.Void GeekBudget.Services.Implementations.OperationService/<Get>d__7::MoveNext()
DA:44,0
DA:45,0
DA:46,0
DA:47,0
DA:48,0
DA:49,0
DA:50,0
DA:52,0
DA:53,0
BRDA:45,202,0,0
BRDA:45,202,1,0
FN:55,System.Void GeekBudget.Services.Implementations.OperationService/<Add>d__8::MoveNext()
FNDA:0,System.Void GeekBudget.Services.Implementations.OperationService/<Add>d__8::MoveNext()
DA:56,0
DA:58,0
DA:59,0
DA:60,0
DA:62,0
DA:65,0
DA:66,0
DA:67,0
DA:69,0
DA:72,0
DA:73,0
DA:74,0
DA:76,0
DA:77,0
DA:79,0
DA:80,0
DA:82,0
DA:84,0
DA:85,0
DA:86,0
DA:89,0
DA:91,0
DA:92,0
DA:93,0
DA:96,0
DA:99,0
DA:102,0
DA:104,0
DA:106,0
BRDA:58,92,0,0
BRDA:58,92,1,0
BRDA:59,208,0,0
BRDA:59,208,1,0
BRDA:65,280,0,0
BRDA:65,280,1,0
BRDA:66,398,0,0
BRDA:66,398,1,0
BRDA:72,476,0,0
BRDA:72,476,1,0
BRDA:73,594,0,0
BRDA:73,594,1,0
BRDA:76,631,0,0
BRDA:76,631,1,0
BRDA:79,665,0,0
BRDA:79,665,1,0
BRDA:79,665,2,0
BRDA:79,665,3,0
BRDA:84,763,0,0
BRDA:84,763,1,0
BRDA:85,881,0,0
BRDA:85,881,1,0
BRDA:91,966,0,0
BRDA:91,966,1,0
BRDA:92,1084,0,0
BRDA:92,1084,1,0
BRDA:99,1171,0,0
BRDA:99,1171,1,0
FN:108,System.Void GeekBudget.Services.Implementations.OperationService/<Remove>d__9::MoveNext()
FNDA:0,System.Void GeekBudget.Services.Implementations.OperationService/<Remove>d__9::MoveNext()
DA:109,0
DA:110,0
DA:111,0
DA:112,0
DA:114,0
DA:115,0
DA:116,0
DA:118,0
DA:119,0
DA:121,0
DA:124,0
DA:126,0
DA:128,0
DA:131,0
DA:132,0
DA:134,0
DA:135,0
BRDA:109,14,0,0
BRDA:109,14,1,0
BRDA:110,73,0,0
BRDA:110,73,1,0
BRDA:111,189,0,0
BRDA:111,189,1,0
BRDA:115,243,0,0
BRDA:115,243,1,0
BRDA:118,282,0,0
BRDA:118,282,1,0
BRDA:128,371,0,0
BRDA:128,371,1,0
FN:137,System.Void GeekBudget.Services.Implementations.OperationService/<Update>d__10::MoveNext()
FNDA:0,System.Void GeekBudget.Services.Implementations.OperationService/<Update>d__10::MoveNext()
DA:138,0
DA:139,0
DA:141,0
DA:142,0
DA:144,0
DA:145,0
DA:146,0
DA:148,0
DA:149,0
DA:152,0
DA:153,0
DA:154,0
DA:157,0
DA:160,0
DA:161,0
DA:164,0
DA:165,0
DA:169,0
DA:170,0
DA:171,0
DA:172,0
DA:176,0
DA:177,0
DA:179,0
DA:180,0
DA:182,0
DA:183,0
DA:184,0
DA:185,0
DA:186,0
DA:188,0
DA:189,0
DA:191,0
DA:192,0
DA:193,0
DA:194,0
DA:195,0
DA:197,0
DA:198,0
DA:201,0
DA:202,0
DA:203,0
DA:205,0
DA:206,0
DA:209,0
DA:210,0
DA:211,0
DA:212,0
DA:213,0
DA:215,0
DA:216,0
DA:217,0
DA:218,0
DA:219,0
DA:221,0
DA:223,0
DA:225,0
DA:227,0
BRDA:138,16,0,0
BRDA:138,16,1,0
BRDA:139,75,0,0
BRDA:139,75,1,0
BRDA:141,191,0,0
BRDA:141,191,1,0
BRDA:145,245,0,0
BRDA:145,245,1,0
BRDA:148,285,0,0
BRDA:148,285,1,0
BRDA:148,285,2,0
BRDA:148,285,3,0
BRDA:148,285,4,0
BRDA:152,353,0,0
BRDA:152,353,1,0
BRDA:176,749,0,0
BRDA:176,791,0,0
BRDA:176,791,1,0
BRDA:176,749,1,0
BRDA:177,835,0,0
BRDA:177,877,0,0
BRDA:177,877,1,0
BRDA:177,835,1,0
BRDA:182,944,0,0
BRDA:182,944,1,0
BRDA:184,981,0,0
BRDA:184,981,1,0
BRDA:184,1012,0,0
BRDA:184,1012,1,0
BRDA:185,1130,0,0
BRDA:185,1130,1,0
BRDA:191,1184,0,0
BRDA:191,1184,1,0
BRDA:193,1221,0,0
BRDA:193,1221,1,0
BRDA:193,1252,0,0
BRDA:193,1252,1,0
BRDA:194,1370,0,0
BRDA:194,1370,1,0
BRDA:201,1456,0,0
BRDA:201,1456,1,0
BRDA:202,1574,0,0
BRDA:202,1574,1,0
BRDA:205,1611,0,0
BRDA:205,1611,1,0
BRDA:209,1640,0,0
BRDA:209,1640,1,0
BRDA:215,1684,0,0
BRDA:215,1684,1,0
BRDA:221,1748,0,0
BRDA:221,1748,1,0
LF:142
LH:0
BRF:95
BRH:0
FNF:12
FNH:0
end_of_record
SF:C:\Users\dmitrijs.minajevs\Source\Repos\GeekBudget.Api\GeekBudget\Services\Implementations\TabService.cs
FN:18,GeekBudget.Models.Error GeekBudget.Services.Implementations.TabService::NoTabWithId(System.Int32)
FNDA:0,GeekBudget.Models.Error GeekBudget.Services.Implementations.TabService::NoTabWithId(System.Int32)
DA:19,0
FN:21,GeekBudget.Models.Error GeekBudget.Services.Implementations.TabService::OperationAlreadyExists(System.Int32,System.Int32)
FNDA:0,GeekBudget.Models.Error GeekBudget.Services.Implementations.TabService::OperationAlreadyExists(System.Int32,System.Int32)
DA:22,0
FN:98,System.Threading.Tasks.Task`1<GeekBudget.Entities.ServiceResult`1<System.Boolean>> GeekBudget.Services.Implementations.TabService::IsTabOperationAllowed(GeekBudget.Models.Tab,GeekBudget.Models.Tab)
FNDA:0,System.Threading.Tasks.Task`1<GeekBudget.Entities.ServiceResult`1<System.Boolean>> GeekBudget.Services.Implementations.TabService::IsTabOperationAllowed(GeekBudget.Models.Tab,GeekBudget.Models.Tab)
DA:99,0
DA:100,0
DA:101,0
DA:102,0
FN:31,System.Void GeekBudget.Services.Implementations.TabService/<GetAll>d__4::MoveNext()
FNDA:0,System.Void GeekBudget.Services.Implementations.TabService/<GetAll>d__4::MoveNext()
DA:32,0
DA:33,0
DA:34,0
DA:35,0
DA:37,0
DA:38,0
BRDA:33,63,0,0
BRDA:33,63,1,0
FN:40,System.Void GeekBudget.Services.Implementations.TabService/<Get>d__5::MoveNext()
FNDA:0,System.Void GeekBudget.Services.Implementations.TabService/<Get>d__5::MoveNext()
DA:41,0
DA:42,0
DA:43,0
DA:44,0
DA:46,0
DA:47,0
BRDA:42,251,0,0
BRDA:42,251,1,0
FN:49,System.Void GeekBudget.Services.Implementations.TabService/<Add>d__6::MoveNext()
FNDA:0,System.Void GeekBudget.Services.Implementations.TabService/<Add>d__6::MoveNext()
DA:50,0
DA:51,0
DA:52,0
DA:54,0
DA:56,0
DA:57,0
BRDA:54,77,0,0
BRDA:54,77,1,0
FN:59,System.Void GeekBudget.Services.Implementations.TabService/<Remove>d__7::MoveNext()
FNDA:0,System.Void GeekBudget.Services.Implementations.TabService/<Remove>d__7::MoveNext()
DA:60,0
DA:61,0
DA:62,0
DA:63,0
DA:65,0
DA:66,0
DA:68,0
DA:70,0
DA:72,0
DA:73,0
BRDA:60,14,0,0
BRDA:60,14,1,0
BRDA:61,262,0,0
BRDA:61,262,1,0
BRDA:65,377,0,0
BRDA:65,377,1,0
BRDA:70,465,0,0
BRDA:70,465,1,0
FN:75,System.Void GeekBudget.Services.Implementations.TabService/<Update>d__8::MoveNext()
FNDA:0,System.Void GeekBudget.Services.Implementations.TabService/<Update>d__8::MoveNext()
DA:76,0
DA:77,0
DA:79,0
DA:80,0
DA:82,0
DA:84,0
DA:85,0
DA:87,0
DA:88,0
DA:89,0
DA:90,0
DA:91,0
DA:93,0
DA:95,0
DA:96,0
BRDA:76,14,0,0
BRDA:76,14,1,0
BRDA:77,56,0,0
BRDA:77,56,1,0
BRDA:79,172,0,0
BRDA:79,172,1,0
BRDA:84,221,0,0
BRDA:84,221,1,0
BRDA:93,582,0,0
BRDA:93,582,1,0
FN:119,System.Boolean GeekBudget.Services.Implementations.TabService/<>c__DisplayClass10_0::<AddOperation>b__0(GeekBudget.Models.Operation)
FNDA:0,System.Boolean GeekBudget.Services.Implementations.TabService/<>c__DisplayClass10_0::<AddOperation>b__0(GeekBudget.Models.Operation)
DA:120,0
FN:104,System.Void GeekBudget.Services.Implementations.TabService/<AddOperation>d__10::MoveNext()
FNDA:0,System.Void GeekBudget.Services.Implementations.TabService/<AddOperation>d__10::MoveNext()
DA:105,0
DA:106,0
DA:108,0
DA:109,0
DA:111,0
DA:113,0
DA:114,0
DA:116,0
DA:117,0
DA:118,0
DA:121,0
DA:125,0
DA:126,0
DA:127,0
DA:129,0
DA:131,0
DA:133,0
DA:134,0
BRDA:105,14,0,0
BRDA:105,14,1,0
BRDA:106,84,0,0
BRDA:106,84,1,0
BRDA:108,200,0,0
BRDA:108,200,1,0
BRDA:113,249,0,0
BRDA:113,249,1,0
BRDA:116,281,0,0
BRDA:116,281,1,0
BRDA:120,344,0,0
BRDA:120,344,1,0
BRDA:125,397,0,0
BRDA:125,397,1,0
BRDA:131,502,0,0
BRDA:131,502,1,0
LF:68
LH:0
BRF:40
BRH:0
FNF:10
FNH:0
end_of_record
SF:C:\Users\dmitrijs.minajevs\Source\Repos\GeekBudget.Api\GeekBudget\Queries\OperationQueries.cs
FN:9,System.Linq.IQueryable`1<GeekBudget.Models.Operation> GeekBudget.Queries.OperationQueries::ApplyFilter(System.Linq.IQueryable`1<GeekBudget.Models.Operation>,GeekBudget.Models.OperationFilter)
FNDA:0,System.Linq.IQueryable`1<GeekBudget.Models.Operation> GeekBudget.Queries.OperationQueries::ApplyFilter(System.Linq.IQueryable`1<GeekBudget.Models.Operation>,GeekBudget.Models.OperationFilter)
DA:10,0
DA:11,0
DA:13,0
DA:14,0
DA:16,0
DA:17,0
DA:19,0
DA:20,0
DA:21,0
DA:22,0
DA:23,0
DA:25,0
DA:26,0
DA:28,0
DA:29,0
DA:31,0
DA:32,0
DA:34,0
DA:35,0
DA:36,0
DA:37,0
DA:39,0
DA:40,0
BRDA:13,37,0,0
BRDA:13,37,1,0
BRDA:16,198,0,0
BRDA:16,198,1,0
BRDA:19,418,0,0
BRDA:19,418,1,0
BRDA:25,739,0,0
BRDA:25,739,1,0
BRDA:28,887,0,0
BRDA:28,887,1,0
BRDA:31,1073,0,0
BRDA:31,1073,1,0
BRDA:34,1254,0,0
BRDA:34,1254,1,0
LF:23
LH:0
BRF:14
BRH:0
FNF:1
FNH:0
end_of_record
SF:C:\Users\dmitrijs.minajevs\Source\Repos\GeekBudget.Api\GeekBudget\Models\Error.cs
FN:4,System.Int32 GeekBudget.Models.Error::get_Id()
FNDA:6,System.Int32 GeekBudget.Models.Error::get_Id()
DA:5,6
FN:5,System.String GeekBudget.Models.Error::get_Description()
FNDA:6,System.String GeekBudget.Models.Error::get_Description()
DA:6,6
LF:2
LH:2
BRF:0
BRH:0
FNF:2
FNH:2
end_of_record
SF:C:\Users\dmitrijs.minajevs\Source\Repos\GeekBudget.Api\GeekBudget\Models\GeekBudgetContext.cs
FN:16,Microsoft.EntityFrameworkCore.DbSet`1<GeekBudget.Models.User> GeekBudget.Models.GeekBudgetContext::get_Users()
FNDA:49,Microsoft.EntityFrameworkCore.DbSet`1<GeekBudget.Models.User> GeekBudget.Models.GeekBudgetContext::get_Users()
DA:17,49
FN:17,Microsoft.EntityFrameworkCore.DbSet`1<GeekBudget.Models.Tab> GeekBudget.Models.GeekBudgetContext::get_Tabs()
FNDA:20,Microsoft.EntityFrameworkCore.DbSet`1<GeekBudget.Models.Tab> GeekBudget.Models.GeekBudgetContext::get_Tabs()
DA:18,20
FN:18,Microsoft.EntityFrameworkCore.DbSet`1<GeekBudget.Models.Operation> GeekBudget.Models.GeekBudgetContext::get_Operations()
FNDA:20,Microsoft.EntityFrameworkCore.DbSet`1<GeekBudget.Models.Operation> GeekBudget.Models.GeekBudgetContext::get_Operations()
DA:19,20
FN:21,System.Threading.Tasks.Task`1<System.Int32> GeekBudget.Models.GeekBudgetContext::GeekBudget.Models.IGeekBudgetContext.SaveChangesAsync()
FNDA:0,System.Threading.Tasks.Task`1<System.Int32> GeekBudget.Models.GeekBudgetContext::GeekBudget.Models.IGeekBudgetContext.SaveChangesAsync()
DA:22,0
DA:23,0
DA:24,0
FN:26,System.Void GeekBudget.Models.GeekBudgetContext::OnModelCreating(Microsoft.EntityFrameworkCore.ModelBuilder)
FNDA:1,System.Void GeekBudget.Models.GeekBudgetContext::OnModelCreating(Microsoft.EntityFrameworkCore.ModelBuilder)
DA:27,1
DA:28,1
DA:30,1
DA:31,1
DA:33,1
DA:34,1
DA:35,1
DA:37,1
DA:38,1
DA:39,1
DA:40,1
LF:17
LH:14
BRF:0
BRH:0
FNF:5
FNH:4
end_of_record
SF:C:\Users\dmitrijs.minajevs\Source\Repos\GeekBudget.Api\GeekBudget\Models\MinMaxFilter.cs
FN:9,TEntity GeekBudget.Models.MinMaxFilter`1::get_Min()
FNDA:37,TEntity GeekBudget.Models.MinMaxFilter`1::get_Min()
DA:10,37
FN:10,TEntity GeekBudget.Models.MinMaxFilter`1::get_Max()
FNDA:29,TEntity GeekBudget.Models.MinMaxFilter`1::get_Max()
DA:11,29
LF:2
LH:2
BRF:0
BRH:0
FNF:2
FNH:2
end_of_record
SF:C:\Users\dmitrijs.minajevs\Source\Repos\GeekBudget.Api\GeekBudget\Models\Operation.cs
FN:13,System.Int32 GeekBudget.Models.Operation::get_Id()
FNDA:46,System.Int32 GeekBudget.Models.Operation::get_Id()
DA:14,46
FN:14,System.String GeekBudget.Models.Operation::get_Comment()
FNDA:44,System.String GeekBudget.Models.Operation::get_Comment()
DA:15,44
FN:15,System.Decimal GeekBudget.Models.Operation::get_Amount()
FNDA:55,System.Decimal GeekBudget.Models.Operation::get_Amount()
DA:16,55
FN:16,System.String GeekBudget.Models.Operation::get_Currency()
FNDA:37,System.String GeekBudget.Models.Operation::get_Currency()
DA:17,37
FN:17,GeekBudget.Models.Tab GeekBudget.Models.Operation::get_From()
FNDA:39,GeekBudget.Models.Tab GeekBudget.Models.Operation::get_From()
DA:18,39
FN:18,GeekBudget.Models.Tab GeekBudget.Models.Operation::get_To()
FNDA:39,GeekBudget.Models.Tab GeekBudget.Models.Operation::get_To()
DA:19,39
FN:19,System.DateTime GeekBudget.Models.Operation::get_Date()
FNDA:53,System.DateTime GeekBudget.Models.Operation::get_Date()
DA:20,53
LF:7
LH:7
BRF:0
BRH:0
FNF:7
FNH:7
end_of_record
SF:C:\Users\dmitrijs.minajevs\Source\Repos\GeekBudget.Api\GeekBudget\Models\OperationFilter.cs
FN:10,System.Nullable`1<System.Int32> GeekBudget.Models.OperationFilter::get_Id()
FNDA:39,System.Nullable`1<System.Int32> GeekBudget.Models.OperationFilter::get_Id()
DA:11,39
FN:11,System.String GeekBudget.Models.OperationFilter::get_Comment()
FNDA:39,System.String GeekBudget.Models.OperationFilter::get_Comment()
DA:12,39
FN:12,GeekBudget.Models.MinMaxFilter`1<System.Decimal> GeekBudget.Models.OperationFilter::get_Amount()
FNDA:44,GeekBudget.Models.MinMaxFilter`1<System.Decimal> GeekBudget.Models.OperationFilter::get_Amount()
DA:13,44
FN:13,System.String GeekBudget.Models.OperationFilter::get_Currency()
FNDA:35,System.String GeekBudget.Models.OperationFilter::get_Currency()
DA:14,35
FN:14,System.Nullable`1<System.Int32> GeekBudget.Models.OperationFilter::get_From()
FNDA:34,System.Nullable`1<System.Int32> GeekBudget.Models.OperationFilter::get_From()
DA:15,34
FN:15,System.Nullable`1<System.Int32> GeekBudget.Models.OperationFilter::get_To()
FNDA:34,System.Nullable`1<System.Int32> GeekBudget.Models.OperationFilter::get_To()
DA:16,34
FN:16,GeekBudget.Models.MinMaxFilter`1<System.DateTime> GeekBudget.Models.OperationFilter::get_Date()
FNDA:54,GeekBudget.Models.MinMaxFilter`1<System.DateTime> GeekBudget.Models.OperationFilter::get_Date()
DA:17,54
FN:19,System.Linq.IQueryable`1<GeekBudget.Models.Operation> GeekBudget.Models.OperationFilter::CreateQuery(System.Linq.IQueryable`1<GeekBudget.Models.Operation>)
FNDA:23,System.Linq.IQueryable`1<GeekBudget.Models.Operation> GeekBudget.Models.OperationFilter::CreateQuery(System.Linq.IQueryable`1<GeekBudget.Models.Operation>)
DA:20,23
DA:21,23
DA:23,23
DA:24,4
DA:26,23
DA:27,5
DA:29,23
DA:30,7
DA:31,7
DA:32,7
DA:33,7
DA:34,7
DA:35,7
DA:37,23
DA:38,4
DA:40,23
DA:41,4
DA:43,23
DA:44,4
DA:46,23
DA:47,7
DA:48,7
DA:49,7
DA:51,23
DA:52,23
BRDA:23,19,0,15
BRDA:23,19,1,8388607
BRDA:26,154,0,31
BRDA:26,154,1,8388607
BRDA:29,351,0,127
BRDA:29,351,1,8388607
BRDA:37,616,0,15
BRDA:37,616,1,8388607
BRDA:40,741,0,15
BRDA:40,741,1,8388607
BRDA:43,904,0,15
BRDA:43,904,1,8388607
BRDA:46,1062,0,127
BRDA:46,1062,1,8388607
LF:32
LH:32
BRF:14
BRH:14
FNF:8
FNH:8
end_of_record
SF:C:\Users\dmitrijs.minajevs\Source\Repos\GeekBudget.Api\GeekBudget\Models\Tab.cs
FN:14,System.Int32 GeekBudget.Models.Tab::get_Id()
FNDA:61,System.Int32 GeekBudget.Models.Tab::get_Id()
DA:15,61
FN:15,GeekBudget.Entities.Enums/TabType GeekBudget.Models.Tab::get_Type()
FNDA:8,GeekBudget.Entities.Enums/TabType GeekBudget.Models.Tab::get_Type()
DA:16,8
FN:16,System.String GeekBudget.Models.Tab::get_Name()
FNDA:36,System.String GeekBudget.Models.Tab::get_Name()
DA:17,36
FN:17,System.Decimal GeekBudget.Models.Tab::get_Amount()
FNDA:35,System.Decimal GeekBudget.Models.Tab::get_Amount()
DA:18,35
FN:18,System.String GeekBudget.Models.Tab::get_Currency()
FNDA:35,System.String GeekBudget.Models.Tab::get_Currency()
DA:19,35
FN:19,System.Collections.Generic.List`1<GeekBudget.Models.Operation> GeekBudget.Models.Tab::get_Operations()
FNDA:40,System.Collections.Generic.List`1<GeekBudget.Models.Operation> GeekBudget.Models.Tab::get_Operations()
DA:20,40
FN:20,System.Collections.Generic.List`1<GeekBudget.Models.Operation> GeekBudget.Models.Tab::get_OperationsFrom()
FNDA:48,System.Collections.Generic.List`1<GeekBudget.Models.Operation> GeekBudget.Models.Tab::get_OperationsFrom()
DA:21,48
FN:21,System.Collections.Generic.List`1<GeekBudget.Models.Operation> GeekBudget.Models.Tab::get_OperationsTo()
FNDA:40,System.Collections.Generic.List`1<GeekBudget.Models.Operation> GeekBudget.Models.Tab::get_OperationsTo()
DA:22,40
LF:8
LH:8
BRF:0
BRH:0
FNF:8
FNH:8
end_of_record
SF:C:\Users\dmitrijs.minajevs\Source\Repos\GeekBudget.Api\GeekBudget\Models\User.cs
FN:9,System.Int32 GeekBudget.Models.User::get_Id()
FNDA:289,System.Int32 GeekBudget.Models.User::get_Id()
DA:10,289
FN:10,System.String GeekBudget.Models.User::get_Username()
FNDA:104,System.String GeekBudget.Models.User::get_Username()
DA:11,104
FN:11,System.String GeekBudget.Models.User::get_Key()
FNDA:99,System.String GeekBudget.Models.User::get_Key()
DA:12,99
LF:3
LH:3
BRF:0
BRH:0
FNF:3
FNH:3
end_of_record
SF:C:\Users\dmitrijs.minajevs\Source\Repos\GeekBudget.Api\GeekBudget\Models\UserRepository.cs
FN:20,System.String GeekBudget.Models.UserRepository::Add(System.String)
FNDA:4,System.String GeekBudget.Models.UserRepository::Add(System.String)
DA:21,4
DA:22,4
DA:23,2
DA:25,2
DA:26,2
DA:27,2
DA:28,2
DA:30,2
DA:31,2
DA:32,2
DA:33,2
DA:34,2
DA:36,2
DA:37,2
DA:38,2
DA:39,2
BRDA:22,178,0,3
BRDA:22,178,1,3
FN:41,System.Boolean GeekBudget.Models.UserRepository::AreContactsEmpty()
FNDA:1,System.Boolean GeekBudget.Models.UserRepository::AreContactsEmpty()
DA:42,1
DA:43,1
DA:44,1
FN:46,System.Boolean GeekBudget.Models.UserRepository::CheckValidUserKey(System.String)
FNDA:2,System.Boolean GeekBudget.Models.UserRepository::CheckValidUserKey(System.String)
DA:47,2
DA:48,2
DA:49,2
FN:51,GeekBudget.Models.User GeekBudget.Models.UserRepository::Find(System.String)
FNDA:7,GeekBudget.Models.User GeekBudget.Models.UserRepository::Find(System.String)
DA:52,7
DA:53,7
DA:54,7
FN:56,System.Collections.Generic.IEnumerable`1<GeekBudget.Models.User> GeekBudget.Models.UserRepository::GetAll()
FNDA:1,System.Collections.Generic.IEnumerable`1<GeekBudget.Models.User> GeekBudget.Models.UserRepository::GetAll()
DA:57,1
DA:58,1
DA:59,1
FN:61,System.Void GeekBudget.Models.UserRepository::Remove(System.Int32)
FNDA:1,System.Void GeekBudget.Models.UserRepository::Remove(System.Int32)
DA:62,1
DA:63,1
DA:64,1
DA:65,1
DA:66,1
FN:68,System.Void GeekBudget.Models.UserRepository::Update(GeekBudget.Models.User)
FNDA:1,System.Void GeekBudget.Models.UserRepository::Update(GeekBudget.Models.User)
DA:69,1
DA:70,1
LF:35
LH:35
BRF:2
BRH:2
FNF:7
FNH:7
end_of_record
SF:C:\Users\dmitrijs.minajevs\Source\Repos\GeekBudget.Api\GeekBudget\Models\ViewModels\OperationViewModel.cs
FN:10,System.Int32 GeekBudget.Models.ViewModels.OperationViewModel::get_Id()
FNDA:4,System.Int32 GeekBudget.Models.ViewModels.OperationViewModel::get_Id()
DA:11,4
FN:11,System.String GeekBudget.Models.ViewModels.OperationViewModel::get_Comment()
FNDA:5,System.String GeekBudget.Models.ViewModels.OperationViewModel::get_Comment()
DA:12,5
FN:12,System.Nullable`1<System.Decimal> GeekBudget.Models.ViewModels.OperationViewModel::get_Amount()
FNDA:5,System.Nullable`1<System.Decimal> GeekBudget.Models.ViewModels.OperationViewModel::get_Amount()
DA:13,5
FN:13,System.String GeekBudget.Models.ViewModels.OperationViewModel::get_Currency()
FNDA:5,System.String GeekBudget.Models.ViewModels.OperationViewModel::get_Currency()
DA:14,5
FN:14,System.Nullable`1<System.Int32> GeekBudget.Models.ViewModels.OperationViewModel::get_From()
FNDA:5,System.Nullable`1<System.Int32> GeekBudget.Models.ViewModels.OperationViewModel::get_From()
DA:15,5
FN:15,System.Nullable`1<System.Int32> GeekBudget.Models.ViewModels.OperationViewModel::get_To()
FNDA:5,System.Nullable`1<System.Int32> GeekBudget.Models.ViewModels.OperationViewModel::get_To()
DA:16,5
FN:16,System.DateTime GeekBudget.Models.ViewModels.OperationViewModel::get_Date()
FNDA:5,System.DateTime GeekBudget.Models.ViewModels.OperationViewModel::get_Date()
DA:17,5
LF:7
LH:7
BRF:0
BRH:0
FNF:7
FNH:7
end_of_record
SF:C:\Users\dmitrijs.minajevs\Source\Repos\GeekBudget.Api\GeekBudget\Models\ViewModels\TabViewModel.cs
FN:11,System.Int32 GeekBudget.Models.ViewModels.TabViewModel::get_Id()
FNDA:10,System.Int32 GeekBudget.Models.ViewModels.TabViewModel::get_Id()
DA:12,10
FN:12,System.Nullable`1<GeekBudget.Entities.Enums/TabType> GeekBudget.Models.ViewModels.TabViewModel::get_Type()
FNDA:8,System.Nullable`1<GeekBudget.Entities.Enums/TabType> GeekBudget.Models.ViewModels.TabViewModel::get_Type()
DA:13,8
FN:13,System.String GeekBudget.Models.ViewModels.TabViewModel::get_Name()
FNDA:16,System.String GeekBudget.Models.ViewModels.TabViewModel::get_Name()
DA:14,16
FN:14,System.Nullable`1<System.Decimal> GeekBudget.Models.ViewModels.TabViewModel::get_Amount()
FNDA:11,System.Nullable`1<System.Decimal> GeekBudget.Models.ViewModels.TabViewModel::get_Amount()
DA:15,11
FN:15,System.String GeekBudget.Models.ViewModels.TabViewModel::get_Currency()
FNDA:11,System.String GeekBudget.Models.ViewModels.TabViewModel::get_Currency()
DA:16,11
FN:18,GeekBudget.Models.Tab GeekBudget.Models.ViewModels.TabViewModel::MapToEntity()
FNDA:1,GeekBudget.Models.Tab GeekBudget.Models.ViewModels.TabViewModel::MapToEntity()
DA:19,1
DA:20,1
DA:21,1
DA:22,1
DA:23,1
DA:24,1
DA:25,1
DA:26,1
DA:27,1
BRDA:20,34,0,0
BRDA:20,34,1,1
BRDA:20,84,0,1
BRDA:20,84,1,0
FN:29,GeekBudget.Models.ViewModels.TabViewModel GeekBudget.Models.ViewModels.TabViewModel::MapFromEntity(GeekBudget.Models.Tab)
FNDA:2,GeekBudget.Models.ViewModels.TabViewModel GeekBudget.Models.ViewModels.TabViewModel::MapFromEntity(GeekBudget.Models.Tab)
DA:30,2
DA:31,2
DA:32,2
DA:33,2
DA:34,2
DA:35,2
DA:36,2
DA:37,2
FN:39,GeekBudget.Models.ViewModels.TabViewModel GeekBudget.Models.ViewModels.TabViewModel::FromEntity(GeekBudget.Models.Tab)
FNDA:1,GeekBudget.Models.ViewModels.TabViewModel GeekBudget.Models.ViewModels.TabViewModel::FromEntity(GeekBudget.Models.Tab)
DA:40,1
DA:41,1
DA:42,1
LF:25
LH:25
BRF:4
BRH:2
FNF:8
FNH:8
end_of_record
SF:C:\Users\dmitrijs.minajevs\Source\Repos\GeekBudget.Api\GeekBudget\Migrations\20170814101356_InitialCreate.cs
FN:9,System.Void GeekBudget.Migrations.InitialCreate::Up(Microsoft.EntityFrameworkCore.Migrations.MigrationBuilder)
FNDA:0,System.Void GeekBudget.Migrations.InitialCreate::Up(Microsoft.EntityFrameworkCore.Migrations.MigrationBuilder)
DA:10,0
DA:11,0
DA:12,0
DA:13,0
DA:14,0
DA:15,0
DA:16,0
DA:17,0
DA:18,0
DA:19,0
DA:20,0
DA:21,0
DA:22,0
DA:23,0
DA:24,0
BRDA:11,13,0,0
BRDA:11,13,1,0
BRDA:11,45,0,0
BRDA:11,45,1,0
FN:26,System.Void GeekBudget.Migrations.InitialCreate::Down(Microsoft.EntityFrameworkCore.Migrations.MigrationBuilder)
FNDA:0,System.Void GeekBudget.Migrations.InitialCreate::Down(Microsoft.EntityFrameworkCore.Migrations.MigrationBuilder)
DA:27,0
DA:28,0
DA:29,0
DA:30,0
LF:19
LH:0
BRF:4
BRH:0
FNF:2
FNH:0
end_of_record
SF:C:\Users\dmitrijs.minajevs\Source\Repos\GeekBudget.Api\GeekBudget\Migrations\20170814101356_InitialCreate.Designer.cs
FN:14,System.Void GeekBudget.Migrations.InitialCreate::BuildTargetModel(Microsoft.EntityFrameworkCore.ModelBuilder)
FNDA:0,System.Void GeekBudget.Migrations.InitialCreate::BuildTargetModel(Microsoft.EntityFrameworkCore.ModelBuilder)
DA:15,0
DA:16,0
DA:17,0
DA:19,0
DA:20,0
DA:21,0
DA:22,0
DA:23,0
DA:24,0
DA:25,0
DA:26,0
DA:27,0
DA:28,0
DA:29,0
DA:30,0
DA:31,0
DA:32,0
BRDA:19,30,0,0
BRDA:19,30,1,0
LF:17
LH:0
BRF:2
BRH:0
FNF:1
FNH:0
end_of_record
SF:C:\Users\dmitrijs.minajevs\Source\Repos\GeekBudget.Api\GeekBudget\Migrations\20170927124220_AddedTabsAndOperations.cs
FN:9,System.Void GeekBudget.Migrations.AddedTabsAndOperations::Up(Microsoft.EntityFrameworkCore.Migrations.MigrationBuilder)
FNDA:0,System.Void GeekBudget.Migrations.AddedTabsAndOperations::Up(Microsoft.EntityFrameworkCore.Migrations.MigrationBuilder)
DA:10,0
DA:11,0
DA:12,0
DA:13,0
DA:14,0
DA:15,0
DA:16,0
DA:17,0
DA:18,0
DA:19,0
DA:20,0
DA:21,0
DA:22,0
DA:23,0
DA:24,0
DA:26,0
DA:27,0
DA:28,0
DA:29,0
DA:30,0
DA:31,0
DA:32,0
DA:33,0
DA:34,0
DA:35,0
DA:36,0
DA:37,0
DA:38,0
DA:39,0
DA:40,0
DA:41,0
DA:42,0
DA:43,0
DA:44,0
DA:45,0
DA:46,0
DA:47,0
DA:48,0
DA:49,0
DA:50,0
DA:51,0
DA:52,0
DA:53,0
DA:54,0
DA:56,0
DA:57,0
DA:58,0
DA:59,0
DA:61,0
DA:62,0
DA:63,0
DA:64,0
DA:65,0
BRDA:11,13,0,0
BRDA:11,13,1,0
BRDA:11,45,0,0
BRDA:11,45,1,0
BRDA:26,88,0,0
BRDA:26,88,1,0
BRDA:26,120,0,0
BRDA:26,120,1,0
FN:67,System.Void GeekBudget.Migrations.AddedTabsAndOperations::Down(Microsoft.EntityFrameworkCore.Migrations.MigrationBuilder)
FNDA:0,System.Void GeekBudget.Migrations.AddedTabsAndOperations::Down(Microsoft.EntityFrameworkCore.Migrations.MigrationBuilder)
DA:68,0
DA:69,0
DA:70,0
DA:72,0
DA:73,0
DA:74,0
LF:59
LH:0
BRF:8
BRH:0
FNF:2
FNH:0
end_of_record
SF:C:\Users\dmitrijs.minajevs\Source\Repos\GeekBudget.Api\GeekBudget\Migrations\20170927124220_AddedTabsAndOperations.Designer.cs
FN:17,System.Void GeekBudget.Migrations.AddedTabsAndOperations::BuildTargetModel(Microsoft.EntityFrameworkCore.ModelBuilder)
FNDA:0,System.Void GeekBudget.Migrations.AddedTabsAndOperations::BuildTargetModel(Microsoft.EntityFrameworkCore.ModelBuilder)
DA:18,0
DA:20,0
DA:21,0
DA:23,0
DA:24,0
DA:25,0
DA:26,0
DA:27,0
DA:28,0
DA:29,0
DA:30,0
DA:31,0
DA:32,0
DA:33,0
DA:34,0
DA:35,0
DA:37,0
DA:38,0
DA:39,0
DA:40,0
DA:41,0
DA:42,0
DA:43,0
DA:44,0
DA:45,0
DA:46,0
DA:47,0
DA:48,0
DA:49,0
DA:50,0
DA:51,0
DA:52,0
DA:53,0
DA:54,0
DA:55,0
DA:56,0
DA:57,0
DA:58,0
DA:59,0
DA:60,0
DA:61,0
DA:63,0
DA:64,0
DA:65,0
DA:66,0
DA:67,0
DA:68,0
DA:69,0
DA:70,0
DA:71,0
DA:72,0
DA:73,0
DA:74,0
DA:75,0
DA:76,0
DA:77,0
DA:79,0
DA:80,0
DA:81,0
DA:82,0
DA:83,0
DA:84,0
DA:85,0
DA:86,0
DA:87,0
DA:88,0
DA:90,0
BRDA:23,30,0,0
BRDA:23,30,1,0
BRDA:37,73,0,0
BRDA:37,73,1,0
BRDA:63,116,0,0
BRDA:63,116,1,0
BRDA:79,159,0,0
BRDA:79,159,1,0
LF:67
LH:0
BRF:8
BRH:0
FNF:1
FNH:0
end_of_record
SF:C:\Users\dmitrijs.minajevs\Source\Repos\GeekBudget.Api\GeekBudget\Migrations\GeekBudgetContextModelSnapshot.cs
FN:16,System.Void GeekBudget.Migrations.GeekBudgetContextModelSnapshot::BuildModel(Microsoft.EntityFrameworkCore.ModelBuilder)
FNDA:0,System.Void GeekBudget.Migrations.GeekBudgetContextModelSnapshot::BuildModel(Microsoft.EntityFrameworkCore.ModelBuilder)
DA:17,0
DA:19,0
DA:20,0
DA:22,0
DA:23,0
DA:24,0
DA:25,0
DA:26,0
DA:27,0
DA:28,0
DA:29,0
DA:30,0
DA:31,0
DA:32,0
DA:33,0
DA:34,0
DA:36,0
DA:37,0
DA:38,0
DA:39,0
DA:40,0
DA:41,0
DA:42,0
DA:43,0
DA:44,0
DA:45,0
DA:46,0
DA:47,0
DA:48,0
DA:49,0
DA:50,0
DA:51,0
DA:52,0
DA:53,0
DA:54,0
DA:55,0
DA:56,0
DA:57,0
DA:58,0
DA:59,0
DA:60,0
DA:62,0
DA:63,0
DA:64,0
DA:65,0
DA:66,0
DA:67,0
DA:68,0
DA:69,0
DA:70,0
DA:71,0
DA:72,0
DA:73,0
DA:74,0
DA:75,0
DA:76,0
DA:78,0
DA:79,0
DA:80,0
DA:81,0
DA:82,0
DA:83,0
DA:84,0
DA:85,0
DA:86,0
DA:87,0
DA:89,0
BRDA:22,30,0,0
BRDA:22,30,1,0
BRDA:36,73,0,0
BRDA:36,73,1,0
BRDA:62,116,0,0
BRDA:62,116,1,0
BRDA:78,159,0,0
BRDA:78,159,1,0
LF:67
LH:0
BRF:8
BRH:0
FNF:1
FNH:0
end_of_record
SF:C:\Users\dmitrijs.minajevs\Source\Repos\GeekBudget.Api\GeekBudget\Middleware\ErrorWrapper.cs
FN:22,System.Void GeekBudget.Middleware.ErrorWrapper/<Invoke>d__2::MoveNext()
FNDA:0,System.Void GeekBudget.Middleware.ErrorWrapper/<Invoke>d__2::MoveNext()
DA:23,0
DA:24,0
DA:26,0
DA:27,0
DA:28,0
DA:29,0
DA:30,0
DA:31,0
DA:32,0
DA:33,0
DA:34,0
DA:35,0
DA:36,0
DA:37,0
DA:38,0
DA:39,0
DA:40,0
DA:41,0
DA:43,0
DA:45,0
DA:46,0
DA:47,0
DA:48,0
DA:49,0
DA:50,0
BRDA:23,14,0,0
BRDA:23,14,1,0
BRDA:24,39,0,0
BRDA:24,39,1,0
BRDA:27,81,0,0
BRDA:27,81,1,0
BRDA:45,327,0,0
BRDA:45,327,1,0
BRDA:48,401,0,0
BRDA:48,401,1,0
LF:25
LH:0
BRF:10
BRH:0
FNF:1
FNH:0
end_of_record
SF:C:\Users\dmitrijs.minajevs\Source\Repos\GeekBudget.Api\GeekBudget\Middleware\UserKeyValidator.cs
FN:21,System.Void GeekBudget.Middleware.UserKeyValidator/<Invoke>d__2::MoveNext()
FNDA:5,System.Void GeekBudget.Middleware.UserKeyValidator/<Invoke>d__2::MoveNext()
DA:22,5
DA:24,5
DA:25,4
DA:26,4
DA:27,4
DA:28,1
DA:29,1
DA:30,1
DA:33,3
DA:34,1
DA:35,1
DA:36,1
DA:37,1
DA:40,2
DA:41,2
DA:42,1
DA:43,1
DA:44,1
DA:45,1
DA:47,1
DA:48,1
DA:50,2
DA:51,5
BRDA:24,80,0,15
BRDA:24,80,1,3
BRDA:27,136,0,1
BRDA:27,136,1,7
BRDA:29,174,0,0
BRDA:29,174,1,1
BRDA:33,295,0,1
BRDA:33,295,1,3
BRDA:36,368,0,0
BRDA:36,368,1,1
BRDA:41,503,0,1
BRDA:41,503,1,1
BRDA:44,576,0,0
BRDA:44,576,1,1
BRDA:50,706,0,0
BRDA:50,706,1,3
LF:23
LH:23
BRF:16
BRH:12
FNF:1
FNH:1
end_of_record
SF:C:\Users\dmitrijs.minajevs\Source\Repos\GeekBudget.Api\GeekBudget\Helpers\UpdateHelpers.cs
FN:10,System.Void GeekBudget.Helpers.UpdateHelpers::MapNewValues(T,T,System.Linq.Expressions.Expression`1<System.Func`2<T,System.Object>>[])
FNDA:3,System.Void GeekBudget.Helpers.UpdateHelpers::MapNewValues(T,T,System.Linq.Expressions.Expression`1<System.Func`2<T,System.Object>>[])
DA:11,3
DA:12,25
DA:13,8
DA:14,8
DA:15,8
DA:16,0
DA:18,8
DA:20,8
DA:21,0
DA:23,8
DA:25,8
DA:26,8
DA:27,8
DA:28,3
BRDA:12,144,1,255
BRDA:12,144,0,7
BRDA:15,31,0,0
BRDA:15,31,1,255
BRDA:20,74,0,0
BRDA:20,74,1,255
BRDA:25,116,0,255
BRDA:25,116,1,255
FN:31,System.Linq.Expressions.MemberExpression GeekBudget.Helpers.UpdateHelpers::GetMemberExpression(System.Linq.Expressions.Expression`1<System.Func`2<T,System.Object>>)
FNDA:8,System.Linq.Expressions.MemberExpression GeekBudget.Helpers.UpdateHelpers::GetMemberExpression(System.Linq.Expressions.Expression`1<System.Func`2<T,System.Object>>)
DA:32,8
DA:33,8
DA:34,8
DA:35,8
DA:36,8
BRDA:35,27,0,31
BRDA:35,31,0,0
BRDA:35,31,1,31
BRDA:35,27,1,255
LF:19
LH:17
BRF:12
BRH:9
FNF:2
FNH:2
end_of_record
SF:C:\Users\dmitrijs.minajevs\Source\Repos\GeekBudget.Api\GeekBudget\Helpers\ValidationHelper.cs
FN:11,System.Void GeekBudget.Helpers.ValidationHelper/<Validate>d__0`1::MoveNext()
FNDA:6,System.Void GeekBudget.Helpers.ValidationHelper/<Validate>d__0`1::MoveNext()
DA:12,6
DA:13,6
DA:15,45
DA:16,15
DA:17,15
DA:18,15
DA:20,15
DA:21,3
DA:22,12
DA:24,6
DA:25,6
BRDA:12,8,0,63
BRDA:12,8,1,0
BRDA:15,285,1,32767
BRDA:15,285,0,63
BRDA:17,104,0,0
BRDA:17,104,1,32767
BRDA:20,238,1,4095
BRDA:20,238,0,63
LF:11
LH:11
BRF:8
BRH:6
FNF:1
FNH:1
end_of_record
SF:C:\Users\dmitrijs.minajevs\Source\Repos\GeekBudget.Api\GeekBudget\Entities\ServiceResult.cs
FN:16,GeekBudget.Entities.ServiceResult GeekBudget.Entities.ServiceResult::From(GeekBudget.Entities.ServiceResult`1<T>)
FNDA:0,GeekBudget.Entities.ServiceResult GeekBudget.Entities.ServiceResult::From(GeekBudget.Entities.ServiceResult`1<T>)
DA:17,0
DA:18,0
DA:19,0
FN:23,GeekBudget.Entities.Enums/ServiceResultStatus GeekBudget.Entities.ServiceResult`1::get_Status()
FNDA:25,GeekBudget.Entities.Enums/ServiceResultStatus GeekBudget.Entities.ServiceResult`1::get_Status()
DA:24,25
FN:24,System.Collections.Generic.IEnumerable`1<GeekBudget.Models.Error> GeekBudget.Entities.ServiceResult`1::get_Errors()
FNDA:0,System.Collections.Generic.IEnumerable`1<GeekBudget.Models.Error> GeekBudget.Entities.ServiceResult`1::get_Errors()
DA:25,0
FN:25,T GeekBudget.Entities.ServiceResult`1::get_Data()
FNDA:20,T GeekBudget.Entities.ServiceResult`1::get_Data()
DA:26,20
FN:27,System.Boolean GeekBudget.Entities.ServiceResult`1::get_Succeeded()
FNDA:0,System.Boolean GeekBudget.Entities.ServiceResult`1::get_Succeeded()
DA:28,0
FN:28,System.Boolean GeekBudget.Entities.ServiceResult`1::get_Failed()
FNDA:11,System.Boolean GeekBudget.Entities.ServiceResult`1::get_Failed()
DA:29,11
FN:57,GeekBudget.Entities.ServiceResult`1<T> GeekBudget.Entities.ServiceResult`1::From(GeekBudget.Entities.ServiceResult`1<TAny>)
FNDA:0,GeekBudget.Entities.ServiceResult`1<T> GeekBudget.Entities.ServiceResult`1::From(GeekBudget.Entities.ServiceResult`1<TAny>)
DA:58,0
DA:59,0
DA:60,0
FN:62,GeekBudget.Entities.ServiceResult`1<T> GeekBudget.Entities.ServiceResult`1::From(GeekBudget.Entities.ServiceResult`1<TAny>,T)
FNDA:0,GeekBudget.Entities.ServiceResult`1<T> GeekBudget.Entities.ServiceResult`1::From(GeekBudget.Entities.ServiceResult`1<TAny>,T)
DA:63,0
DA:64,0
DA:65,0
LF:14
LH:3
BRF:0
BRH:0
FNF:8
FNH:3
end_of_record
SF:C:\Users\dmitrijs.minajevs\Source\Repos\GeekBudget.Api\GeekBudget\Controllers\OperationController.cs
FN:31,System.Void GeekBudget.Controllers.OperationController/<GetAll>d__4::MoveNext()
FNDA:1,System.Void GeekBudget.Controllers.OperationController/<GetAll>d__4::MoveNext()
DA:32,1
DA:33,1
DA:35,1
DA:36,1
DA:38,0
DA:39,1
BRDA:33,44,0,0
BRDA:33,44,1,1
BRDA:35,163,0,1
BRDA:35,163,1,0
FN:42,System.Void GeekBudget.Controllers.OperationController/<Get>d__5::MoveNext()
FNDA:2,System.Void GeekBudget.Controllers.OperationController/<Get>d__5::MoveNext()
DA:43,2
DA:44,2
DA:46,2
DA:47,2
DA:48,2
DA:49,1
DA:51,1
DA:54,0
DA:55,2
BRDA:44,50,0,0
BRDA:44,50,1,3
BRDA:46,169,0,3
BRDA:46,169,1,0
BRDA:48,195,0,1
BRDA:48,195,1,1
FN:59,System.Void GeekBudget.Controllers.OperationController/<Add>d__6::MoveNext()
FNDA:2,System.Void GeekBudget.Controllers.OperationController/<Add>d__6::MoveNext()
DA:60,2
DA:61,2
DA:62,2
DA:63,2
DA:64,2
DA:65,2
DA:66,2
DA:67,2
DA:68,2
DA:70,2
DA:71,1
DA:73,1
DA:75,1
DA:77,1
DA:78,1
DA:80,0
DA:81,2
BRDA:60,14,0,3
BRDA:60,14,1,0
BRDA:61,215,0,0
BRDA:61,215,1,3
BRDA:70,331,0,1
BRDA:70,331,1,1
BRDA:75,421,0,1
BRDA:75,421,1,0
BRDA:75,453,0,1
BRDA:75,453,1,0
BRDA:75,484,0,0
BRDA:75,484,1,1
BRDA:77,605,0,1
BRDA:77,605,1,0
FN:85,System.Void GeekBudget.Controllers.OperationController/<Remove>d__7::MoveNext()
FNDA:1,System.Void GeekBudget.Controllers.OperationController/<Remove>d__7::MoveNext()
DA:86,1
DA:87,1
DA:89,1
DA:90,1
DA:92,0
DA:93,1
BRDA:87,50,0,0
BRDA:87,50,1,1
BRDA:89,169,0,1
BRDA:89,169,1,0
FN:96,System.Void GeekBudget.Controllers.OperationController/<Update>d__8::MoveNext()
FNDA:0,System.Void GeekBudget.Controllers.OperationController/<Update>d__8::MoveNext()
DA:97,0
DA:98,0
DA:99,0
DA:100,0
DA:101,0
DA:102,0
DA:104,0
DA:105,0
DA:107,0
DA:109,0
DA:111,0
DA:112,0
DA:114,0
DA:115,0
BRDA:97,14,0,0
BRDA:97,14,1,0
BRDA:98,137,0,0
BRDA:98,137,1,0
BRDA:104,253,0,0
BRDA:104,253,1,0
BRDA:109,359,0,0
BRDA:109,359,1,0
BRDA:111,480,0,0
BRDA:111,480,1,0
LF:52
LH:34
BRF:38
BRH:16
FNF:5
FNH:4
end_of_record
SF:C:\Users\dmitrijs.minajevs\Source\Repos\GeekBudget.Api\GeekBudget\Controllers\TabController.cs
FN:34,System.Void GeekBudget.Controllers.TabController/<GetAll>d__4::MoveNext()
FNDA:1,System.Void GeekBudget.Controllers.TabController/<GetAll>d__4::MoveNext()
DA:35,1
DA:36,1
DA:38,1
DA:39,1
DA:41,0
DA:42,1
BRDA:36,44,0,0
BRDA:36,44,1,1
BRDA:38,163,0,1
BRDA:38,163,1,0
FN:45,System.Void GeekBudget.Controllers.TabController/<Get>d__5::MoveNext()
FNDA:2,System.Void GeekBudget.Controllers.TabController/<Get>d__5::MoveNext()
DA:46,2
DA:47,2
DA:49,2
DA:50,2
DA:51,2
DA:52,1
DA:54,1
DA:57,0
DA:60,2
BRDA:47,50,0,0
BRDA:47,50,1,3
BRDA:49,169,0,3
BRDA:49,169,1,0
BRDA:51,190,0,1
BRDA:51,190,1,1
FN:64,System.Void GeekBudget.Controllers.TabController/<Add>d__6::MoveNext()
FNDA:2,System.Void GeekBudget.Controllers.TabController/<Add>d__6::MoveNext()
DA:65,2
DA:66,2
DA:67,2
DA:68,2
DA:69,2
DA:71,2
DA:72,1
DA:74,1
DA:76,1
DA:78,1
DA:79,1
DA:81,0
DA:82,2
BRDA:65,14,0,3
BRDA:65,14,1,0
BRDA:66,111,0,0
BRDA:66,111,1,3
BRDA:71,227,0,1
BRDA:71,227,1,1
BRDA:76,316,0,0
BRDA:76,316,1,1
BRDA:78,437,0,1
BRDA:78,437,1,0
FN:86,System.Void GeekBudget.Controllers.TabController/<Remove>d__7::MoveNext()
FNDA:1,System.Void GeekBudget.Controllers.TabController/<Remove>d__7::MoveNext()
DA:87,1
DA:88,1
DA:90,1
DA:91,1
DA:93,0
DA:94,1
BRDA:88,50,0,0
BRDA:88,50,1,1
BRDA:90,169,0,1
BRDA:90,169,1,0
FN:97,System.Void GeekBudget.Controllers.TabController/<Update>d__8::MoveNext()
FNDA:2,System.Void GeekBudget.Controllers.TabController/<Update>d__8::MoveNext()
DA:98,2
DA:99,2
DA:100,2
DA:101,2
DA:102,2
DA:104,2
DA:105,1
DA:107,1
DA:109,1
DA:111,1
DA:112,1
DA:114,0
DA:115,2
BRDA:98,14,0,3
BRDA:98,14,1,0
BRDA:99,111,0,0
BRDA:99,111,1,3
BRDA:104,227,0,1
BRDA:104,227,1,1
BRDA:109,327,0,0
BRDA:109,327,1,1
BRDA:111,448,0,1
BRDA:111,448,1,0
LF:47
LH:42
BRF:34
BRH:20
FNF:5
FNH:5
end_of_record
SF:C:\Users\dmitrijs.minajevs\Source\Repos\GeekBudget.Api\GeekBudget\Controllers\UserController.cs
FN:12,GeekBudget.Models.UserRepository GeekBudget.Controllers.UserController::get__userRepository()
FNDA:2,GeekBudget.Models.UserRepository GeekBudget.Controllers.UserController::get__userRepository()
DA:13,2
FN:18,Microsoft.AspNetCore.Mvc.IActionResult GeekBudget.Controllers.UserController::Add(System.String)
FNDA:2,Microsoft.AspNetCore.Mvc.IActionResult GeekBudget.Controllers.UserController::Add(System.String)
DA:19,2
DA:21,2
DA:22,2
DA:23,1
DA:25,1
DA:26,1
DA:27,1
DA:29,2
LF:9
LH:9
BRF:0
BRH:0
FNF:2
FNH:2
end_of_record