<?xml version="1.0" encoding="utf-8"?>
<CoverageSession>
  <Summary numSequencePoints="945" visitedSequencePoints="308" numBranchPoints="945" visitedBranchPoints="308" sequenceCoverage="0,326" branchCoverage="0,326" maxCyclomaticComplexity="0" minCyclomaticComplexity="0" visitedClasses="25" numClasses="62" visitedMethods="80" numMethods="142" />
  <Modules>
    <Module hash="6D49B867-FC52-4E8F-9020-AA7C4EDCABDB">
      <ModulePath>C:\Users\dmitrijs.minajevs\Source\Repos\GeekBudget.Api\GeekBudget.Tests\bin\Debug\netcoreapp2.1\GeekBudget.dll</ModulePath>
      <ModuleTime>2018-06-21T12:04:57</ModuleTime>
      <ModuleName>GeekBudget</ModuleName>
      <Files>
        <File uid="1" fullPath="C:\Users\dmitrijs.minajevs\Source\Repos\GeekBudget.Api\GeekBudget\Program.cs" />
        <File uid="2" fullPath="C:\Users\dmitrijs.minajevs\Source\Repos\GeekBudget.Api\GeekBudget\Startup.cs" />
        <File uid="3" fullPath="C:\Users\dmitrijs.minajevs\Source\Repos\GeekBudget.Api\GeekBudget\Validators\Implementations\OperationValidators.cs" />
        <File uid="4" fullPath="C:\Users\dmitrijs.minajevs\Source\Repos\GeekBudget.Api\GeekBudget\Validators\Implementations\TabValidators.cs" />
        <File uid="5" fullPath="C:\Users\dmitrijs.minajevs\Source\Repos\GeekBudget.Api\GeekBudget\Services\Implementations\MappingService.cs" />
        <File uid="6" fullPath="C:\Users\dmitrijs.minajevs\Source\Repos\GeekBudget.Api\GeekBudget\Services\Implementations\OperationService.cs" />
        <File uid="7" fullPath="C:\Users\dmitrijs.minajevs\Source\Repos\GeekBudget.Api\GeekBudget\Services\Implementations\TabService.cs" />
        <File uid="8" fullPath="C:\Users\dmitrijs.minajevs\Source\Repos\GeekBudget.Api\GeekBudget\Queries\OperationQueries.cs" />
        <File uid="9" fullPath="C:\Users\dmitrijs.minajevs\Source\Repos\GeekBudget.Api\GeekBudget\Models\Error.cs" />
        <File uid="10" fullPath="C:\Users\dmitrijs.minajevs\Source\Repos\GeekBudget.Api\GeekBudget\Models\GeekBudgetContext.cs" />
        <File uid="11" fullPath="C:\Users\dmitrijs.minajevs\Source\Repos\GeekBudget.Api\GeekBudget\Models\MinMaxFilter.cs" />
        <File uid="12" fullPath="C:\Users\dmitrijs.minajevs\Source\Repos\GeekBudget.Api\GeekBudget\Models\Operation.cs" />
        <File uid="13" fullPath="C:\Users\dmitrijs.minajevs\Source\Repos\GeekBudget.Api\GeekBudget\Models\OperationFilter.cs" />
        <File uid="14" fullPath="C:\Users\dmitrijs.minajevs\Source\Repos\GeekBudget.Api\GeekBudget\Models\Tab.cs" />
        <File uid="15" fullPath="C:\Users\dmitrijs.minajevs\Source\Repos\GeekBudget.Api\GeekBudget\Models\User.cs" />
        <File uid="16" fullPath="C:\Users\dmitrijs.minajevs\Source\Repos\GeekBudget.Api\GeekBudget\Models\UserRepository.cs" />
        <File uid="17" fullPath="C:\Users\dmitrijs.minajevs\Source\Repos\GeekBudget.Api\GeekBudget\Models\ViewModels\OperationViewModel.cs" />
        <File uid="18" fullPath="C:\Users\dmitrijs.minajevs\Source\Repos\GeekBudget.Api\GeekBudget\Models\ViewModels\TabViewModel.cs" />
        <File uid="19" fullPath="C:\Users\dmitrijs.minajevs\Source\Repos\GeekBudget.Api\GeekBudget\Migrations\20170814101356_InitialCreate.cs" />
        <File uid="20" fullPath="C:\Users\dmitrijs.minajevs\Source\Repos\GeekBudget.Api\GeekBudget\Migrations\20170814101356_InitialCreate.Designer.cs" />
        <File uid="21" fullPath="C:\Users\dmitrijs.minajevs\Source\Repos\GeekBudget.Api\GeekBudget\Migrations\20170927124220_AddedTabsAndOperations.cs" />
        <File uid="22" fullPath="C:\Users\dmitrijs.minajevs\Source\Repos\GeekBudget.Api\GeekBudget\Migrations\20170927124220_AddedTabsAndOperations.Designer.cs" />
        <File uid="23" fullPath="C:\Users\dmitrijs.minajevs\Source\Repos\GeekBudget.Api\GeekBudget\Migrations\GeekBudgetContextModelSnapshot.cs" />
        <File uid="24" fullPath="C:\Users\dmitrijs.minajevs\Source\Repos\GeekBudget.Api\GeekBudget\Middleware\ErrorWrapper.cs" />
        <File uid="25" fullPath="C:\Users\dmitrijs.minajevs\Source\Repos\GeekBudget.Api\GeekBudget\Middleware\UserKeyValidator.cs" />
        <File uid="26" fullPath="C:\Users\dmitrijs.minajevs\Source\Repos\GeekBudget.Api\GeekBudget\Helpers\UpdateHelpers.cs" />
        <File uid="27" fullPath="C:\Users\dmitrijs.minajevs\Source\Repos\GeekBudget.Api\GeekBudget\Helpers\ValidationHelper.cs" />
        <File uid="28" fullPath="C:\Users\dmitrijs.minajevs\Source\Repos\GeekBudget.Api\GeekBudget\Entities\ServiceResult.cs" />
        <File uid="29" fullPath="C:\Users\dmitrijs.minajevs\Source\Repos\GeekBudget.Api\GeekBudget\Controllers\OperationController.cs" />
        <File uid="30" fullPath="C:\Users\dmitrijs.minajevs\Source\Repos\GeekBudget.Api\GeekBudget\Controllers\TabController.cs" />
        <File uid="31" fullPath="C:\Users\dmitrijs.minajevs\Source\Repos\GeekBudget.Api\GeekBudget\Controllers\UserController.cs" />
      </Files>
      <Classes>
        <Class>
          <Summary numSequencePoints="6" visitedSequencePoints="0" numBranchPoints="0" visitedBranchPoints="0" sequenceCoverage="0" branchCoverage="0" maxCyclomaticComplexity="0" minCyclomaticComplexity="0" visitedClasses="0" numClasses="1" visitedMethods="0" numMethods="2" />
          <FullName>GeekBudget.Program</FullName>
          <Methods>
            <Method cyclomaticComplexity="0" nPathComplexity="0" sequenceCoverage="0" branchCoverage="0" isConstructor="False" isGetter="False" isSetter="False" isStatic="True">
              <Summary numSequencePoints="3" visitedSequencePoints="0" numBranchPoints="0" visitedBranchPoints="0" sequenceCoverage="0" branchCoverage="0" maxCyclomaticComplexity="0" minCyclomaticComplexity="0" visitedClasses="0" numClasses="0" visitedMethods="0" numMethods="1" />
              <MetadataToken />
              <Name>System.Void GeekBudget.Program::Main(System.String[])</Name>
              <FileRef uid="1" />
              <SequencePoints>
                <SequencePoint vc="0" upsid="15" ordinal="0" sl="15" sc="1" el="15" ec="2" bec="0" bev="0" fileid="1" />
                <SequencePoint vc="0" upsid="19" ordinal="1" sl="19" sc="1" el="19" ec="2" bec="0" bev="0" fileid="1" />
                <SequencePoint vc="0" upsid="20" ordinal="2" sl="20" sc="1" el="20" ec="2" bec="0" bev="0" fileid="1" />
              </SequencePoints>
              <BranchPoints />
              <MethodPoint vc="0" upsid="0" p8:type="SequencePoint" ordinal="0" offset="0" sc="0" sl="15" ec="1" el="20" bec="0" bev="0" fileid="1" xmlns:p8="xsi" />
            </Method>
            <Method cyclomaticComplexity="0" nPathComplexity="0" sequenceCoverage="0" branchCoverage="0" isConstructor="False" isGetter="False" isSetter="False" isStatic="True">
              <Summary numSequencePoints="3" visitedSequencePoints="0" numBranchPoints="0" visitedBranchPoints="0" sequenceCoverage="0" branchCoverage="0" maxCyclomaticComplexity="0" minCyclomaticComplexity="0" visitedClasses="0" numClasses="0" visitedMethods="0" numMethods="1" />
              <MetadataToken />
              <Name>Microsoft.AspNetCore.Hosting.IWebHost GeekBudget.Program::BuildWebHost(System.String[])</Name>
              <FileRef uid="1" />
              <SequencePoints>
                <SequencePoint vc="0" upsid="23" ordinal="0" sl="23" sc="1" el="23" ec="2" bec="0" bev="0" fileid="1" />
                <SequencePoint vc="0" upsid="24" ordinal="1" sl="24" sc="1" el="24" ec="2" bec="0" bev="0" fileid="1" />
                <SequencePoint vc="0" upsid="25" ordinal="2" sl="25" sc="1" el="25" ec="2" bec="0" bev="0" fileid="1" />
              </SequencePoints>
              <BranchPoints />
              <MethodPoint vc="0" upsid="0" p8:type="SequencePoint" ordinal="1" offset="1" sc="0" sl="23" ec="1" el="25" bec="0" bev="0" fileid="1" xmlns:p8="xsi" />
            </Method>
          </Methods>
        </Class>
        <Class>
          <Summary numSequencePoints="37" visitedSequencePoints="0" numBranchPoints="4" visitedBranchPoints="0" sequenceCoverage="0" branchCoverage="0" maxCyclomaticComplexity="0" minCyclomaticComplexity="0" visitedClasses="0" numClasses="1" visitedMethods="0" numMethods="4" />
          <FullName>GeekBudget.Startup</FullName>
          <Methods>
            <Method cyclomaticComplexity="0" nPathComplexity="0" sequenceCoverage="0" branchCoverage="0" isConstructor="False" isGetter="True" isSetter="False" isStatic="True">
              <Summary numSequencePoints="1" visitedSequencePoints="0" numBranchPoints="0" visitedBranchPoints="0" sequenceCoverage="0" branchCoverage="0" maxCyclomaticComplexity="0" minCyclomaticComplexity="0" visitedClasses="0" numClasses="0" visitedMethods="0" numMethods="1" />
              <MetadataToken />
              <Name>Microsoft.Extensions.Configuration.IConfigurationRoot GeekBudget.Startup::get_Configuration()</Name>
              <FileRef uid="2" />
              <SequencePoints>
                <SequencePoint vc="0" upsid="38" ordinal="0" sl="38" sc="1" el="38" ec="2" bec="0" bev="0" fileid="2" />
              </SequencePoints>
              <BranchPoints />
              <MethodPoint vc="0" upsid="0" p8:type="SequencePoint" ordinal="0" offset="0" sc="0" sl="38" ec="1" el="38" bec="0" bev="0" fileid="2" xmlns:p8="xsi" />
            </Method>
            <Method cyclomaticComplexity="0" nPathComplexity="0" sequenceCoverage="0" branchCoverage="0" isConstructor="False" isGetter="False" isSetter="False" isStatic="True">
              <Summary numSequencePoints="18" visitedSequencePoints="0" numBranchPoints="2" visitedBranchPoints="0" sequenceCoverage="0" branchCoverage="0" maxCyclomaticComplexity="0" minCyclomaticComplexity="0" visitedClasses="0" numClasses="0" visitedMethods="0" numMethods="1" />
              <MetadataToken />
              <Name>System.IServiceProvider GeekBudget.Startup::ConfigureServices(Microsoft.Extensions.DependencyInjection.IServiceCollection)</Name>
              <FileRef uid="2" />
              <SequencePoints>
                <SequencePoint vc="0" upsid="42" ordinal="0" sl="42" sc="1" el="42" ec="2" bec="0" bev="0" fileid="2" />
                <SequencePoint vc="0" upsid="44" ordinal="1" sl="44" sc="1" el="44" ec="2" bec="0" bev="0" fileid="2" />
                <SequencePoint vc="0" upsid="47" ordinal="2" sl="47" sc="1" el="47" ec="2" bec="0" bev="0" fileid="2" />
                <SequencePoint vc="0" upsid="48" ordinal="3" sl="48" sc="1" el="48" ec="2" bec="0" bev="0" fileid="2" />
                <SequencePoint vc="0" upsid="49" ordinal="4" sl="49" sc="1" el="49" ec="2" bec="0" bev="0" fileid="2" />
                <SequencePoint vc="0" upsid="50" ordinal="5" sl="50" sc="1" el="50" ec="2" bec="0" bev="0" fileid="2" />
                <SequencePoint vc="0" upsid="55" ordinal="6" sl="55" sc="1" el="55" ec="2" bec="0" bev="0" fileid="2" />
                <SequencePoint vc="0" upsid="56" ordinal="7" sl="56" sc="1" el="56" ec="2" bec="0" bev="0" fileid="2" />
                <SequencePoint vc="0" upsid="59" ordinal="8" sl="59" sc="1" el="59" ec="2" bec="0" bev="0" fileid="2" />
                <SequencePoint vc="0" upsid="62" ordinal="9" sl="62" sc="1" el="62" ec="2" bec="0" bev="0" fileid="2" />
                <SequencePoint vc="0" upsid="65" ordinal="10" sl="65" sc="1" el="65" ec="2" bec="0" bev="0" fileid="2" />
                <SequencePoint vc="0" upsid="66" ordinal="11" sl="66" sc="1" el="66" ec="2" bec="0" bev="0" fileid="2" />
                <SequencePoint vc="0" upsid="67" ordinal="12" sl="67" sc="1" el="67" ec="2" bec="0" bev="0" fileid="2" />
                <SequencePoint vc="0" upsid="69" ordinal="13" sl="69" sc="1" el="69" ec="2" bec="0" bev="0" fileid="2" />
                <SequencePoint vc="0" upsid="70" ordinal="14" sl="70" sc="1" el="70" ec="2" bec="0" bev="0" fileid="2" />
                <SequencePoint vc="0" upsid="75" ordinal="15" sl="75" sc="1" el="75" ec="2" bec="0" bev="0" fileid="2" />
                <SequencePoint vc="0" upsid="77" ordinal="16" sl="77" sc="1" el="77" ec="2" bec="0" bev="0" fileid="2" />
                <SequencePoint vc="0" upsid="78" ordinal="17" sl="78" sc="1" el="78" ec="2" bec="0" bev="0" fileid="2" />
              </SequencePoints>
              <BranchPoints>
                <BranchPoint vc="0" upsid="47" ordinal="0" path="0" offset="20" offsetend="22" sl="47" fileid="2" />
                <BranchPoint vc="0" upsid="47" ordinal="1" path="1" offset="20" offsetend="45" sl="47" fileid="2" />
              </BranchPoints>
              <MethodPoint vc="0" upsid="0" p8:type="SequencePoint" ordinal="1" offset="1" sc="0" sl="42" ec="1" el="78" bec="0" bev="0" fileid="2" xmlns:p8="xsi" />
            </Method>
            <Method cyclomaticComplexity="0" nPathComplexity="0" sequenceCoverage="0" branchCoverage="0" isConstructor="True" isGetter="False" isSetter="False" isStatic="True">
              <Summary numSequencePoints="12" visitedSequencePoints="0" numBranchPoints="2" visitedBranchPoints="0" sequenceCoverage="0" branchCoverage="0" maxCyclomaticComplexity="0" minCyclomaticComplexity="0" visitedClasses="0" numClasses="0" visitedMethods="0" numMethods="1" />
              <MetadataToken />
              <Name>System.Void GeekBudget.Startup::Configure(Microsoft.AspNetCore.Builder.IApplicationBuilder,Microsoft.AspNetCore.Hosting.IHostingEnvironment,Microsoft.Extensions.Logging.ILoggerFactory,System.IServiceProvider)</Name>
              <FileRef uid="2" />
              <SequencePoints>
                <SequencePoint vc="0" upsid="82" ordinal="0" sl="82" sc="1" el="82" ec="2" bec="0" bev="0" fileid="2" />
                <SequencePoint vc="0" upsid="83" ordinal="1" sl="83" sc="1" el="83" ec="2" bec="0" bev="0" fileid="2" />
                <SequencePoint vc="0" upsid="85" ordinal="2" sl="85" sc="1" el="85" ec="2" bec="0" bev="0" fileid="2" />
                <SequencePoint vc="0" upsid="86" ordinal="3" sl="86" sc="1" el="86" ec="2" bec="0" bev="0" fileid="2" />
                <SequencePoint vc="0" upsid="89" ordinal="4" sl="89" sc="1" el="89" ec="2" bec="0" bev="0" fileid="2" />
                <SequencePoint vc="0" upsid="92" ordinal="5" sl="92" sc="1" el="92" ec="2" bec="0" bev="0" fileid="2" />
                <SequencePoint vc="0" upsid="95" ordinal="6" sl="95" sc="1" el="95" ec="2" bec="0" bev="0" fileid="2" />
                <SequencePoint vc="0" upsid="96" ordinal="7" sl="96" sc="1" el="96" ec="2" bec="0" bev="0" fileid="2" />
                <SequencePoint vc="0" upsid="97" ordinal="8" sl="97" sc="1" el="97" ec="2" bec="0" bev="0" fileid="2" />
                <SequencePoint vc="0" upsid="98" ordinal="9" sl="98" sc="1" el="98" ec="2" bec="0" bev="0" fileid="2" />
                <SequencePoint vc="0" upsid="100" ordinal="10" sl="100" sc="1" el="100" ec="2" bec="0" bev="0" fileid="2" />
                <SequencePoint vc="0" upsid="101" ordinal="11" sl="101" sc="1" el="101" ec="2" bec="0" bev="0" fileid="2" />
              </SequencePoints>
              <BranchPoints>
                <BranchPoint vc="0" upsid="95" ordinal="0" path="0" offset="71" offsetend="73" sl="95" fileid="2" />
                <BranchPoint vc="0" upsid="95" ordinal="1" path="1" offset="71" offsetend="96" sl="95" fileid="2" />
              </BranchPoints>
              <MethodPoint vc="0" upsid="0" p8:type="SequencePoint" ordinal="2" offset="2" sc="0" sl="82" ec="1" el="101" bec="0" bev="0" fileid="2" xmlns:p8="xsi" />
            </Method>
            <Method cyclomaticComplexity="0" nPathComplexity="0" sequenceCoverage="0" branchCoverage="0" isConstructor="False" isGetter="False" isSetter="False" isStatic="True">
              <Summary numSequencePoints="6" visitedSequencePoints="0" numBranchPoints="0" visitedBranchPoints="0" sequenceCoverage="0" branchCoverage="0" maxCyclomaticComplexity="0" minCyclomaticComplexity="0" visitedClasses="0" numClasses="0" visitedMethods="0" numMethods="1" />
              <MetadataToken />
              <Name>System.Void GeekBudget.Startup::InitializeDatabase(System.IServiceProvider)</Name>
              <FileRef uid="2" />
              <SequencePoints>
                <SequencePoint vc="0" upsid="104" ordinal="0" sl="104" sc="1" el="104" ec="2" bec="0" bev="0" fileid="2" />
                <SequencePoint vc="0" upsid="105" ordinal="1" sl="105" sc="1" el="105" ec="2" bec="0" bev="0" fileid="2" />
                <SequencePoint vc="0" upsid="106" ordinal="2" sl="106" sc="1" el="106" ec="2" bec="0" bev="0" fileid="2" />
                <SequencePoint vc="0" upsid="107" ordinal="3" sl="107" sc="1" el="107" ec="2" bec="0" bev="0" fileid="2" />
                <SequencePoint vc="0" upsid="108" ordinal="4" sl="108" sc="1" el="108" ec="2" bec="0" bev="0" fileid="2" />
                <SequencePoint vc="0" upsid="109" ordinal="5" sl="109" sc="1" el="109" ec="2" bec="0" bev="0" fileid="2" />
              </SequencePoints>
              <BranchPoints />
              <MethodPoint vc="0" upsid="0" p8:type="SequencePoint" ordinal="3" offset="3" sc="0" sl="104" ec="1" el="109" bec="0" bev="0" fileid="2" xmlns:p8="xsi" />
            </Method>
          </Methods>
        </Class>
        <Class>
          <Summary numSequencePoints="5" visitedSequencePoints="0" numBranchPoints="0" visitedBranchPoints="0" sequenceCoverage="0" branchCoverage="0" maxCyclomaticComplexity="0" minCyclomaticComplexity="0" visitedClasses="0" numClasses="1" visitedMethods="0" numMethods="5" />
          <FullName>GeekBudget.Validators.Implementations.OperationValidators</FullName>
          <Methods>
            <Method cyclomaticComplexity="0" nPathComplexity="0" sequenceCoverage="0" branchCoverage="0" isConstructor="False" isGetter="False" isSetter="False" isStatic="True">
              <Summary numSequencePoints="1" visitedSequencePoints="0" numBranchPoints="0" visitedBranchPoints="0" sequenceCoverage="0" branchCoverage="0" maxCyclomaticComplexity="0" minCyclomaticComplexity="0" visitedClasses="0" numClasses="0" visitedMethods="0" numMethods="1" />
              <MetadataToken />
              <Name>GeekBudget.Models.Error GeekBudget.Validators.Implementations.OperationValidators::OperationViewModelIsNull()</Name>
              <FileRef uid="3" />
              <SequencePoints>
                <SequencePoint vc="0" upsid="13" ordinal="0" sl="13" sc="1" el="13" ec="2" bec="0" bev="0" fileid="3" />
              </SequencePoints>
              <BranchPoints />
              <MethodPoint vc="0" upsid="0" p8:type="SequencePoint" ordinal="0" offset="0" sc="0" sl="13" ec="1" el="13" bec="0" bev="0" fileid="3" xmlns:p8="xsi" />
            </Method>
            <Method cyclomaticComplexity="0" nPathComplexity="0" sequenceCoverage="0" branchCoverage="0" isConstructor="False" isGetter="False" isSetter="False" isStatic="True">
              <Summary numSequencePoints="1" visitedSequencePoints="0" numBranchPoints="0" visitedBranchPoints="0" sequenceCoverage="0" branchCoverage="0" maxCyclomaticComplexity="0" minCyclomaticComplexity="0" visitedClasses="0" numClasses="0" visitedMethods="0" numMethods="1" />
              <MetadataToken />
              <Name>GeekBudget.Models.Error GeekBudget.Validators.Implementations.OperationValidators::FromIsNull()</Name>
              <FileRef uid="3" />
              <SequencePoints>
                <SequencePoint vc="0" upsid="14" ordinal="0" sl="14" sc="1" el="14" ec="2" bec="0" bev="0" fileid="3" />
              </SequencePoints>
              <BranchPoints />
              <MethodPoint vc="0" upsid="0" p8:type="SequencePoint" ordinal="1" offset="1" sc="0" sl="14" ec="1" el="14" bec="0" bev="0" fileid="3" xmlns:p8="xsi" />
            </Method>
            <Method cyclomaticComplexity="0" nPathComplexity="0" sequenceCoverage="0" branchCoverage="0" isConstructor="False" isGetter="False" isSetter="False" isStatic="True">
              <Summary numSequencePoints="1" visitedSequencePoints="0" numBranchPoints="0" visitedBranchPoints="0" sequenceCoverage="0" branchCoverage="0" maxCyclomaticComplexity="0" minCyclomaticComplexity="0" visitedClasses="0" numClasses="0" visitedMethods="0" numMethods="1" />
              <MetadataToken />
              <Name>GeekBudget.Models.Error GeekBudget.Validators.Implementations.OperationValidators::ToIsNull()</Name>
              <FileRef uid="3" />
              <SequencePoints>
                <SequencePoint vc="0" upsid="15" ordinal="0" sl="15" sc="1" el="15" ec="2" bec="0" bev="0" fileid="3" />
              </SequencePoints>
              <BranchPoints />
              <MethodPoint vc="0" upsid="0" p8:type="SequencePoint" ordinal="2" offset="2" sc="0" sl="15" ec="1" el="15" bec="0" bev="0" fileid="3" xmlns:p8="xsi" />
            </Method>
            <Method cyclomaticComplexity="0" nPathComplexity="0" sequenceCoverage="0" branchCoverage="0" isConstructor="False" isGetter="False" isSetter="False" isStatic="True">
              <Summary numSequencePoints="1" visitedSequencePoints="0" numBranchPoints="0" visitedBranchPoints="0" sequenceCoverage="0" branchCoverage="0" maxCyclomaticComplexity="0" minCyclomaticComplexity="0" visitedClasses="0" numClasses="0" visitedMethods="0" numMethods="1" />
              <MetadataToken />
              <Name>GeekBudget.Models.Error GeekBudget.Validators.Implementations.OperationValidators::FromAndToAreEqual()</Name>
              <FileRef uid="3" />
              <SequencePoints>
                <SequencePoint vc="0" upsid="16" ordinal="0" sl="16" sc="1" el="16" ec="2" bec="0" bev="0" fileid="3" />
              </SequencePoints>
              <BranchPoints />
              <MethodPoint vc="0" upsid="0" p8:type="SequencePoint" ordinal="3" offset="3" sc="0" sl="16" ec="1" el="16" bec="0" bev="0" fileid="3" xmlns:p8="xsi" />
            </Method>
            <Method cyclomaticComplexity="0" nPathComplexity="0" sequenceCoverage="0" branchCoverage="0" isConstructor="False" isGetter="False" isSetter="False" isStatic="True">
              <Summary numSequencePoints="1" visitedSequencePoints="0" numBranchPoints="0" visitedBranchPoints="0" sequenceCoverage="0" branchCoverage="0" maxCyclomaticComplexity="0" minCyclomaticComplexity="0" visitedClasses="0" numClasses="0" visitedMethods="0" numMethods="1" />
              <MetadataToken />
              <Name>GeekBudget.Models.Error GeekBudget.Validators.Implementations.OperationValidators::NoOperationWithId(System.Int32)</Name>
              <FileRef uid="3" />
              <SequencePoints>
                <SequencePoint vc="0" upsid="17" ordinal="0" sl="17" sc="1" el="17" ec="2" bec="0" bev="0" fileid="3" />
              </SequencePoints>
              <BranchPoints />
              <MethodPoint vc="0" upsid="0" p8:type="SequencePoint" ordinal="4" offset="4" sc="0" sl="17" ec="1" el="17" bec="0" bev="0" fileid="3" xmlns:p8="xsi" />
            </Method>
          </Methods>
        </Class>
        <Class>
          <Summary numSequencePoints="6" visitedSequencePoints="0" numBranchPoints="8" visitedBranchPoints="0" sequenceCoverage="0" branchCoverage="0" maxCyclomaticComplexity="0" minCyclomaticComplexity="0" visitedClasses="0" numClasses="1" visitedMethods="0" numMethods="1" />
          <FullName>GeekBudget.Validators.Implementations.OperationValidators/&lt;IdExists&gt;d__8</FullName>
          <Methods>
            <Method cyclomaticComplexity="0" nPathComplexity="0" sequenceCoverage="0" branchCoverage="0" isConstructor="False" isGetter="False" isSetter="False" isStatic="True">
              <Summary numSequencePoints="6" visitedSequencePoints="0" numBranchPoints="8" visitedBranchPoints="0" sequenceCoverage="0" branchCoverage="0" maxCyclomaticComplexity="0" minCyclomaticComplexity="0" visitedClasses="0" numClasses="0" visitedMethods="0" numMethods="1" />
              <MetadataToken />
              <Name>System.Void GeekBudget.Validators.Implementations.OperationValidators/&lt;IdExists&gt;d__8::MoveNext()</Name>
              <FileRef uid="3" />
              <SequencePoints>
                <SequencePoint vc="0" upsid="29" ordinal="0" sl="29" sc="1" el="29" ec="2" bec="0" bev="0" fileid="3" />
                <SequencePoint vc="0" upsid="30" ordinal="1" sl="30" sc="1" el="30" ec="2" bec="0" bev="0" fileid="3" />
                <SequencePoint vc="0" upsid="32" ordinal="2" sl="32" sc="1" el="32" ec="2" bec="0" bev="0" fileid="3" />
                <SequencePoint vc="0" upsid="33" ordinal="3" sl="33" sc="1" el="33" ec="2" bec="0" bev="0" fileid="3" />
                <SequencePoint vc="0" upsid="35" ordinal="4" sl="35" sc="1" el="35" ec="2" bec="0" bev="0" fileid="3" />
                <SequencePoint vc="0" upsid="36" ordinal="5" sl="36" sc="1" el="36" ec="2" bec="0" bev="0" fileid="3" />
              </SequencePoints>
              <BranchPoints>
                <BranchPoint vc="0" upsid="29" ordinal="0" path="0" offset="14" offsetend="28" sl="29" fileid="3" />
                <BranchPoint vc="0" upsid="29" ordinal="1" path="1" offset="14" offsetend="485" sl="29" fileid="3" />
                <BranchPoint vc="0" upsid="32" ordinal="2" path="0" offset="291" offsetend="293" sl="32" fileid="3" />
                <BranchPoint vc="0" upsid="32" ordinal="3" path="1" offset="291" offsetend="361" sl="32" fileid="3" />
                <BranchPoint vc="0" upsid="32" ordinal="4" path="0" offset="385" offsetend="387" sl="32" fileid="3" />
                <BranchPoint vc="0" upsid="32" ordinal="5" path="1" offset="385" offsetend="420" sl="32" fileid="3" />
                <BranchPoint vc="0" upsid="35" ordinal="6" path="0" offset="445" offsetend="447" sl="35" fileid="3" />
                <BranchPoint vc="0" upsid="35" ordinal="7" path="1" offset="445" offsetend="514" sl="35" fileid="3" />
              </BranchPoints>
              <MethodPoint vc="0" upsid="0" p8:type="SequencePoint" ordinal="0" offset="0" sc="0" sl="29" ec="1" el="36" bec="0" bev="0" fileid="3" xmlns:p8="xsi" />
            </Method>
          </Methods>
        </Class>
        <Class>
          <Summary numSequencePoints="6" visitedSequencePoints="0" numBranchPoints="4" visitedBranchPoints="0" sequenceCoverage="0" branchCoverage="0" maxCyclomaticComplexity="0" minCyclomaticComplexity="0" visitedClasses="0" numClasses="1" visitedMethods="0" numMethods="1" />
          <FullName>GeekBudget.Validators.Implementations.OperationValidators/&lt;FromNotNull&gt;d__9</FullName>
          <Methods>
            <Method cyclomaticComplexity="0" nPathComplexity="0" sequenceCoverage="0" branchCoverage="0" isConstructor="False" isGetter="False" isSetter="False" isStatic="True">
              <Summary numSequencePoints="6" visitedSequencePoints="0" numBranchPoints="4" visitedBranchPoints="0" sequenceCoverage="0" branchCoverage="0" maxCyclomaticComplexity="0" minCyclomaticComplexity="0" visitedClasses="0" numClasses="0" visitedMethods="0" numMethods="1" />
              <MetadataToken />
              <Name>System.Void GeekBudget.Validators.Implementations.OperationValidators/&lt;FromNotNull&gt;d__9::MoveNext()</Name>
              <FileRef uid="3" />
              <SequencePoints>
                <SequencePoint vc="0" upsid="39" ordinal="0" sl="39" sc="1" el="39" ec="2" bec="0" bev="0" fileid="3" />
                <SequencePoint vc="0" upsid="40" ordinal="1" sl="40" sc="1" el="40" ec="2" bec="0" bev="0" fileid="3" />
                <SequencePoint vc="0" upsid="42" ordinal="2" sl="42" sc="1" el="42" ec="2" bec="0" bev="0" fileid="3" />
                <SequencePoint vc="0" upsid="43" ordinal="3" sl="43" sc="1" el="43" ec="2" bec="0" bev="0" fileid="3" />
                <SequencePoint vc="0" upsid="45" ordinal="4" sl="45" sc="1" el="45" ec="2" bec="0" bev="0" fileid="3" />
                <SequencePoint vc="0" upsid="46" ordinal="5" sl="46" sc="1" el="46" ec="2" bec="0" bev="0" fileid="3" />
              </SequencePoints>
              <BranchPoints>
                <BranchPoint vc="0" upsid="42" ordinal="0" path="0" offset="50" offsetend="52" sl="42" fileid="3" />
                <BranchPoint vc="0" upsid="42" ordinal="1" path="1" offset="50" offsetend="69" sl="42" fileid="3" />
                <BranchPoint vc="0" upsid="45" ordinal="2" path="0" offset="94" offsetend="96" sl="45" fileid="3" />
                <BranchPoint vc="0" upsid="45" ordinal="3" path="1" offset="94" offsetend="163" sl="45" fileid="3" />
              </BranchPoints>
              <MethodPoint vc="0" upsid="0" p8:type="SequencePoint" ordinal="0" offset="0" sc="0" sl="39" ec="1" el="46" bec="0" bev="0" fileid="3" xmlns:p8="xsi" />
            </Method>
          </Methods>
        </Class>
        <Class>
          <Summary numSequencePoints="6" visitedSequencePoints="0" numBranchPoints="4" visitedBranchPoints="0" sequenceCoverage="0" branchCoverage="0" maxCyclomaticComplexity="0" minCyclomaticComplexity="0" visitedClasses="0" numClasses="1" visitedMethods="0" numMethods="1" />
          <FullName>GeekBudget.Validators.Implementations.OperationValidators/&lt;ToNotNull&gt;d__10</FullName>
          <Methods>
            <Method cyclomaticComplexity="0" nPathComplexity="0" sequenceCoverage="0" branchCoverage="0" isConstructor="False" isGetter="False" isSetter="False" isStatic="True">
              <Summary numSequencePoints="6" visitedSequencePoints="0" numBranchPoints="4" visitedBranchPoints="0" sequenceCoverage="0" branchCoverage="0" maxCyclomaticComplexity="0" minCyclomaticComplexity="0" visitedClasses="0" numClasses="0" visitedMethods="0" numMethods="1" />
              <MetadataToken />
              <Name>System.Void GeekBudget.Validators.Implementations.OperationValidators/&lt;ToNotNull&gt;d__10::MoveNext()</Name>
              <FileRef uid="3" />
              <SequencePoints>
                <SequencePoint vc="0" upsid="49" ordinal="0" sl="49" sc="1" el="49" ec="2" bec="0" bev="0" fileid="3" />
                <SequencePoint vc="0" upsid="50" ordinal="1" sl="50" sc="1" el="50" ec="2" bec="0" bev="0" fileid="3" />
                <SequencePoint vc="0" upsid="52" ordinal="2" sl="52" sc="1" el="52" ec="2" bec="0" bev="0" fileid="3" />
                <SequencePoint vc="0" upsid="53" ordinal="3" sl="53" sc="1" el="53" ec="2" bec="0" bev="0" fileid="3" />
                <SequencePoint vc="0" upsid="55" ordinal="4" sl="55" sc="1" el="55" ec="2" bec="0" bev="0" fileid="3" />
                <SequencePoint vc="0" upsid="56" ordinal="5" sl="56" sc="1" el="56" ec="2" bec="0" bev="0" fileid="3" />
              </SequencePoints>
              <BranchPoints>
                <BranchPoint vc="0" upsid="52" ordinal="0" path="0" offset="50" offsetend="52" sl="52" fileid="3" />
                <BranchPoint vc="0" upsid="52" ordinal="1" path="1" offset="50" offsetend="69" sl="52" fileid="3" />
                <BranchPoint vc="0" upsid="55" ordinal="2" path="0" offset="94" offsetend="96" sl="55" fileid="3" />
                <BranchPoint vc="0" upsid="55" ordinal="3" path="1" offset="94" offsetend="163" sl="55" fileid="3" />
              </BranchPoints>
              <MethodPoint vc="0" upsid="0" p8:type="SequencePoint" ordinal="0" offset="0" sc="0" sl="49" ec="1" el="56" bec="0" bev="0" fileid="3" xmlns:p8="xsi" />
            </Method>
          </Methods>
        </Class>
        <Class>
          <Summary numSequencePoints="8" visitedSequencePoints="0" numBranchPoints="14" visitedBranchPoints="0" sequenceCoverage="0" branchCoverage="0" maxCyclomaticComplexity="0" minCyclomaticComplexity="0" visitedClasses="0" numClasses="1" visitedMethods="0" numMethods="1" />
          <FullName>GeekBudget.Validators.Implementations.OperationValidators/&lt;FromAndToAreNotEqual&gt;d__11</FullName>
          <Methods>
            <Method cyclomaticComplexity="0" nPathComplexity="0" sequenceCoverage="0" branchCoverage="0" isConstructor="False" isGetter="False" isSetter="False" isStatic="True">
              <Summary numSequencePoints="8" visitedSequencePoints="0" numBranchPoints="14" visitedBranchPoints="0" sequenceCoverage="0" branchCoverage="0" maxCyclomaticComplexity="0" minCyclomaticComplexity="0" visitedClasses="0" numClasses="0" visitedMethods="0" numMethods="1" />
              <MetadataToken />
              <Name>System.Void GeekBudget.Validators.Implementations.OperationValidators/&lt;FromAndToAreNotEqual&gt;d__11::MoveNext()</Name>
              <FileRef uid="3" />
              <SequencePoints>
                <SequencePoint vc="0" upsid="59" ordinal="0" sl="59" sc="1" el="59" ec="2" bec="0" bev="0" fileid="3" />
                <SequencePoint vc="0" upsid="60" ordinal="1" sl="60" sc="1" el="60" ec="2" bec="0" bev="0" fileid="3" />
                <SequencePoint vc="0" upsid="62" ordinal="2" sl="62" sc="1" el="62" ec="2" bec="0" bev="0" fileid="3" />
                <SequencePoint vc="0" upsid="63" ordinal="3" sl="63" sc="1" el="63" ec="2" bec="0" bev="0" fileid="3" />
                <SequencePoint vc="0" upsid="65" ordinal="4" sl="65" sc="1" el="65" ec="2" bec="0" bev="0" fileid="3" />
                <SequencePoint vc="0" upsid="66" ordinal="5" sl="66" sc="1" el="66" ec="2" bec="0" bev="0" fileid="3" />
                <SequencePoint vc="0" upsid="68" ordinal="6" sl="68" sc="1" el="68" ec="2" bec="0" bev="0" fileid="3" />
                <SequencePoint vc="0" upsid="69" ordinal="7" sl="69" sc="1" el="69" ec="2" bec="0" bev="0" fileid="3" />
              </SequencePoints>
              <BranchPoints>
                <BranchPoint vc="0" upsid="59" ordinal="0" path="0" offset="14" offsetend="28" sl="59" fileid="3" />
                <BranchPoint vc="0" upsid="59" ordinal="1" path="1" offset="14" offsetend="360" sl="59" fileid="3" />
                <BranchPoint vc="0" upsid="62" ordinal="2" path="0" offset="59" offsetend="61" sl="62" fileid="3" />
                <BranchPoint vc="0" upsid="62" ordinal="3" path="1" offset="59" offsetend="85" sl="62" fileid="3" />
                <BranchPoint vc="0" upsid="62" ordinal="4" path="0" offset="88" offsetend="90" sl="62" fileid="3" />
                <BranchPoint vc="0" upsid="62" ordinal="5" path="1" offset="88" offsetend="212" sl="62" fileid="3" />
                <BranchPoint vc="0" upsid="63" ordinal="6" path="0" offset="115" offsetend="117" sl="63" fileid="3" />
                <BranchPoint vc="0" upsid="63" ordinal="7" path="1" offset="115" offsetend="187" sl="63" fileid="3" />
                <BranchPoint vc="0" upsid="65" ordinal="8" path="0" offset="251" offsetend="253" sl="65" fileid="3" />
                <BranchPoint vc="0" upsid="65" ordinal="9" path="1" offset="251" offsetend="256" sl="65" fileid="3" />
                <BranchPoint vc="0" upsid="65" ordinal="10" path="0" offset="276" offsetend="278" sl="65" fileid="3" />
                <BranchPoint vc="0" upsid="65" ordinal="11" path="1" offset="276" offsetend="295" sl="65" fileid="3" />
                <BranchPoint vc="0" upsid="68" ordinal="12" path="0" offset="320" offsetend="322" sl="68" fileid="3" />
                <BranchPoint vc="0" upsid="68" ordinal="13" path="1" offset="320" offsetend="389" sl="68" fileid="3" />
              </BranchPoints>
              <MethodPoint vc="0" upsid="0" p8:type="SequencePoint" ordinal="0" offset="0" sc="0" sl="59" ec="1" el="69" bec="0" bev="0" fileid="3" xmlns:p8="xsi" />
            </Method>
          </Methods>
        </Class>
        <Class>
          <Summary numSequencePoints="5" visitedSequencePoints="0" numBranchPoints="2" visitedBranchPoints="0" sequenceCoverage="0" branchCoverage="0" maxCyclomaticComplexity="0" minCyclomaticComplexity="0" visitedClasses="0" numClasses="1" visitedMethods="0" numMethods="1" />
          <FullName>GeekBudget.Validators.Implementations.OperationValidators/&lt;FromTabExists&gt;d__12</FullName>
          <Methods>
            <Method cyclomaticComplexity="0" nPathComplexity="0" sequenceCoverage="0" branchCoverage="0" isConstructor="False" isGetter="False" isSetter="False" isStatic="True">
              <Summary numSequencePoints="5" visitedSequencePoints="0" numBranchPoints="2" visitedBranchPoints="0" sequenceCoverage="0" branchCoverage="0" maxCyclomaticComplexity="0" minCyclomaticComplexity="0" visitedClasses="0" numClasses="0" visitedMethods="0" numMethods="1" />
              <MetadataToken />
              <Name>System.Void GeekBudget.Validators.Implementations.OperationValidators/&lt;FromTabExists&gt;d__12::MoveNext()</Name>
              <FileRef uid="3" />
              <SequencePoints>
                <SequencePoint vc="0" upsid="72" ordinal="0" sl="72" sc="1" el="72" ec="2" bec="0" bev="0" fileid="3" />
                <SequencePoint vc="0" upsid="73" ordinal="1" sl="73" sc="1" el="73" ec="2" bec="0" bev="0" fileid="3" />
                <SequencePoint vc="0" upsid="77" ordinal="2" sl="77" sc="1" el="77" ec="2" bec="0" bev="0" fileid="3" />
                <SequencePoint vc="0" upsid="79" ordinal="3" sl="79" sc="1" el="79" ec="2" bec="0" bev="0" fileid="3" />
                <SequencePoint vc="0" upsid="80" ordinal="4" sl="80" sc="1" el="80" ec="2" bec="0" bev="0" fileid="3" />
              </SequencePoints>
              <BranchPoints>
                <BranchPoint vc="0" upsid="77" ordinal="0" path="0" offset="98" offsetend="100" sl="77" fileid="3" />
                <BranchPoint vc="0" upsid="77" ordinal="1" path="1" offset="98" offsetend="168" sl="77" fileid="3" />
              </BranchPoints>
              <MethodPoint vc="0" upsid="0" p8:type="SequencePoint" ordinal="0" offset="0" sc="0" sl="72" ec="1" el="80" bec="0" bev="0" fileid="3" xmlns:p8="xsi" />
            </Method>
          </Methods>
        </Class>
        <Class>
          <Summary numSequencePoints="5" visitedSequencePoints="0" numBranchPoints="2" visitedBranchPoints="0" sequenceCoverage="0" branchCoverage="0" maxCyclomaticComplexity="0" minCyclomaticComplexity="0" visitedClasses="0" numClasses="1" visitedMethods="0" numMethods="1" />
          <FullName>GeekBudget.Validators.Implementations.OperationValidators/&lt;ToTabExists&gt;d__13</FullName>
          <Methods>
            <Method cyclomaticComplexity="0" nPathComplexity="0" sequenceCoverage="0" branchCoverage="0" isConstructor="False" isGetter="False" isSetter="False" isStatic="True">
              <Summary numSequencePoints="5" visitedSequencePoints="0" numBranchPoints="2" visitedBranchPoints="0" sequenceCoverage="0" branchCoverage="0" maxCyclomaticComplexity="0" minCyclomaticComplexity="0" visitedClasses="0" numClasses="0" visitedMethods="0" numMethods="1" />
              <MetadataToken />
              <Name>System.Void GeekBudget.Validators.Implementations.OperationValidators/&lt;ToTabExists&gt;d__13::MoveNext()</Name>
              <FileRef uid="3" />
              <SequencePoints>
                <SequencePoint vc="0" upsid="83" ordinal="0" sl="83" sc="1" el="83" ec="2" bec="0" bev="0" fileid="3" />
                <SequencePoint vc="0" upsid="84" ordinal="1" sl="84" sc="1" el="84" ec="2" bec="0" bev="0" fileid="3" />
                <SequencePoint vc="0" upsid="88" ordinal="2" sl="88" sc="1" el="88" ec="2" bec="0" bev="0" fileid="3" />
                <SequencePoint vc="0" upsid="90" ordinal="3" sl="90" sc="1" el="90" ec="2" bec="0" bev="0" fileid="3" />
                <SequencePoint vc="0" upsid="91" ordinal="4" sl="91" sc="1" el="91" ec="2" bec="0" bev="0" fileid="3" />
              </SequencePoints>
              <BranchPoints>
                <BranchPoint vc="0" upsid="88" ordinal="0" path="0" offset="98" offsetend="100" sl="88" fileid="3" />
                <BranchPoint vc="0" upsid="88" ordinal="1" path="1" offset="98" offsetend="168" sl="88" fileid="3" />
              </BranchPoints>
              <MethodPoint vc="0" upsid="0" p8:type="SequencePoint" ordinal="0" offset="0" sc="0" sl="83" ec="1" el="91" bec="0" bev="0" fileid="3" xmlns:p8="xsi" />
            </Method>
          </Methods>
        </Class>
        <Class>
          <Summary numSequencePoints="6" visitedSequencePoints="0" numBranchPoints="4" visitedBranchPoints="0" sequenceCoverage="0" branchCoverage="0" maxCyclomaticComplexity="0" minCyclomaticComplexity="0" visitedClasses="0" numClasses="1" visitedMethods="0" numMethods="1" />
          <FullName>GeekBudget.Validators.Implementations.OperationValidators/&lt;NotNull&gt;d__14</FullName>
          <Methods>
            <Method cyclomaticComplexity="0" nPathComplexity="0" sequenceCoverage="0" branchCoverage="0" isConstructor="False" isGetter="False" isSetter="False" isStatic="True">
              <Summary numSequencePoints="6" visitedSequencePoints="0" numBranchPoints="4" visitedBranchPoints="0" sequenceCoverage="0" branchCoverage="0" maxCyclomaticComplexity="0" minCyclomaticComplexity="0" visitedClasses="0" numClasses="0" visitedMethods="0" numMethods="1" />
              <MetadataToken />
              <Name>System.Void GeekBudget.Validators.Implementations.OperationValidators/&lt;NotNull&gt;d__14::MoveNext()</Name>
              <FileRef uid="3" />
              <SequencePoints>
                <SequencePoint vc="0" upsid="94" ordinal="0" sl="94" sc="1" el="94" ec="2" bec="0" bev="0" fileid="3" />
                <SequencePoint vc="0" upsid="95" ordinal="1" sl="95" sc="1" el="95" ec="2" bec="0" bev="0" fileid="3" />
                <SequencePoint vc="0" upsid="97" ordinal="2" sl="97" sc="1" el="97" ec="2" bec="0" bev="0" fileid="3" />
                <SequencePoint vc="0" upsid="98" ordinal="3" sl="98" sc="1" el="98" ec="2" bec="0" bev="0" fileid="3" />
                <SequencePoint vc="0" upsid="100" ordinal="4" sl="100" sc="1" el="100" ec="2" bec="0" bev="0" fileid="3" />
                <SequencePoint vc="0" upsid="101" ordinal="5" sl="101" sc="1" el="101" ec="2" bec="0" bev="0" fileid="3" />
              </SequencePoints>
              <BranchPoints>
                <BranchPoint vc="0" upsid="97" ordinal="0" path="0" offset="37" offsetend="39" sl="97" fileid="3" />
                <BranchPoint vc="0" upsid="97" ordinal="1" path="1" offset="37" offsetend="56" sl="97" fileid="3" />
                <BranchPoint vc="0" upsid="100" ordinal="2" path="0" offset="80" offsetend="82" sl="100" fileid="3" />
                <BranchPoint vc="0" upsid="100" ordinal="3" path="1" offset="80" offsetend="147" sl="100" fileid="3" />
              </BranchPoints>
              <MethodPoint vc="0" upsid="0" p8:type="SequencePoint" ordinal="0" offset="0" sc="0" sl="94" ec="1" el="101" bec="0" bev="0" fileid="3" xmlns:p8="xsi" />
            </Method>
          </Methods>
        </Class>
        <Class>
          <Summary numSequencePoints="3" visitedSequencePoints="0" numBranchPoints="0" visitedBranchPoints="0" sequenceCoverage="0" branchCoverage="0" maxCyclomaticComplexity="0" minCyclomaticComplexity="0" visitedClasses="0" numClasses="1" visitedMethods="0" numMethods="3" />
          <FullName>GeekBudget.Validators.Implementations.TabValidators</FullName>
          <Methods>
            <Method cyclomaticComplexity="0" nPathComplexity="0" sequenceCoverage="0" branchCoverage="0" isConstructor="False" isGetter="False" isSetter="False" isStatic="True">
              <Summary numSequencePoints="1" visitedSequencePoints="0" numBranchPoints="0" visitedBranchPoints="0" sequenceCoverage="0" branchCoverage="0" maxCyclomaticComplexity="0" minCyclomaticComplexity="0" visitedClasses="0" numClasses="0" visitedMethods="0" numMethods="1" />
              <MetadataToken />
              <Name>GeekBudget.Models.Error GeekBudget.Validators.Implementations.TabValidators::TabViewModelIsNull()</Name>
              <FileRef uid="4" />
              <SequencePoints>
                <SequencePoint vc="0" upsid="15" ordinal="0" sl="15" sc="1" el="15" ec="2" bec="0" bev="0" fileid="4" />
              </SequencePoints>
              <BranchPoints />
              <MethodPoint vc="0" upsid="0" p8:type="SequencePoint" ordinal="0" offset="0" sc="0" sl="15" ec="1" el="15" bec="0" bev="0" fileid="4" xmlns:p8="xsi" />
            </Method>
            <Method cyclomaticComplexity="0" nPathComplexity="0" sequenceCoverage="0" branchCoverage="0" isConstructor="False" isGetter="False" isSetter="False" isStatic="True">
              <Summary numSequencePoints="1" visitedSequencePoints="0" numBranchPoints="0" visitedBranchPoints="0" sequenceCoverage="0" branchCoverage="0" maxCyclomaticComplexity="0" minCyclomaticComplexity="0" visitedClasses="0" numClasses="0" visitedMethods="0" numMethods="1" />
              <MetadataToken />
              <Name>GeekBudget.Models.Error GeekBudget.Validators.Implementations.TabValidators::NoTabWithId(System.Int32)</Name>
              <FileRef uid="4" />
              <SequencePoints>
                <SequencePoint vc="0" upsid="16" ordinal="0" sl="16" sc="1" el="16" ec="2" bec="0" bev="0" fileid="4" />
              </SequencePoints>
              <BranchPoints />
              <MethodPoint vc="0" upsid="0" p8:type="SequencePoint" ordinal="1" offset="1" sc="0" sl="16" ec="1" el="16" bec="0" bev="0" fileid="4" xmlns:p8="xsi" />
            </Method>
            <Method cyclomaticComplexity="0" nPathComplexity="0" sequenceCoverage="0" branchCoverage="0" isConstructor="False" isGetter="False" isSetter="False" isStatic="True">
              <Summary numSequencePoints="1" visitedSequencePoints="0" numBranchPoints="0" visitedBranchPoints="0" sequenceCoverage="0" branchCoverage="0" maxCyclomaticComplexity="0" minCyclomaticComplexity="0" visitedClasses="0" numClasses="0" visitedMethods="0" numMethods="1" />
              <MetadataToken />
              <Name>GeekBudget.Models.Error GeekBudget.Validators.Implementations.TabValidators::TabTypeIsRequired()</Name>
              <FileRef uid="4" />
              <SequencePoints>
                <SequencePoint vc="0" upsid="17" ordinal="0" sl="17" sc="1" el="17" ec="2" bec="0" bev="0" fileid="4" />
              </SequencePoints>
              <BranchPoints />
              <MethodPoint vc="0" upsid="0" p8:type="SequencePoint" ordinal="2" offset="2" sc="0" sl="17" ec="1" el="17" bec="0" bev="0" fileid="4" xmlns:p8="xsi" />
            </Method>
          </Methods>
        </Class>
        <Class>
          <Summary numSequencePoints="6" visitedSequencePoints="0" numBranchPoints="8" visitedBranchPoints="0" sequenceCoverage="0" branchCoverage="0" maxCyclomaticComplexity="0" minCyclomaticComplexity="0" visitedClasses="0" numClasses="1" visitedMethods="0" numMethods="1" />
          <FullName>GeekBudget.Validators.Implementations.TabValidators/&lt;IdExists&gt;d__5</FullName>
          <Methods>
            <Method cyclomaticComplexity="0" nPathComplexity="0" sequenceCoverage="0" branchCoverage="0" isConstructor="False" isGetter="False" isSetter="False" isStatic="True">
              <Summary numSequencePoints="6" visitedSequencePoints="0" numBranchPoints="8" visitedBranchPoints="0" sequenceCoverage="0" branchCoverage="0" maxCyclomaticComplexity="0" minCyclomaticComplexity="0" visitedClasses="0" numClasses="0" visitedMethods="0" numMethods="1" />
              <MetadataToken />
              <Name>System.Void GeekBudget.Validators.Implementations.TabValidators/&lt;IdExists&gt;d__5::MoveNext()</Name>
              <FileRef uid="4" />
              <SequencePoints>
                <SequencePoint vc="0" upsid="27" ordinal="0" sl="27" sc="1" el="27" ec="2" bec="0" bev="0" fileid="4" />
                <SequencePoint vc="0" upsid="28" ordinal="1" sl="28" sc="1" el="28" ec="2" bec="0" bev="0" fileid="4" />
                <SequencePoint vc="0" upsid="30" ordinal="2" sl="30" sc="1" el="30" ec="2" bec="0" bev="0" fileid="4" />
                <SequencePoint vc="0" upsid="31" ordinal="3" sl="31" sc="1" el="31" ec="2" bec="0" bev="0" fileid="4" />
                <SequencePoint vc="0" upsid="33" ordinal="4" sl="33" sc="1" el="33" ec="2" bec="0" bev="0" fileid="4" />
                <SequencePoint vc="0" upsid="34" ordinal="5" sl="34" sc="1" el="34" ec="2" bec="0" bev="0" fileid="4" />
              </SequencePoints>
              <BranchPoints>
                <BranchPoint vc="0" upsid="27" ordinal="0" path="0" offset="14" offsetend="28" sl="27" fileid="4" />
                <BranchPoint vc="0" upsid="27" ordinal="1" path="1" offset="14" offsetend="485" sl="27" fileid="4" />
                <BranchPoint vc="0" upsid="30" ordinal="2" path="0" offset="291" offsetend="293" sl="30" fileid="4" />
                <BranchPoint vc="0" upsid="30" ordinal="3" path="1" offset="291" offsetend="361" sl="30" fileid="4" />
                <BranchPoint vc="0" upsid="30" ordinal="4" path="0" offset="385" offsetend="387" sl="30" fileid="4" />
                <BranchPoint vc="0" upsid="30" ordinal="5" path="1" offset="385" offsetend="420" sl="30" fileid="4" />
                <BranchPoint vc="0" upsid="33" ordinal="6" path="0" offset="445" offsetend="447" sl="33" fileid="4" />
                <BranchPoint vc="0" upsid="33" ordinal="7" path="1" offset="445" offsetend="514" sl="33" fileid="4" />
              </BranchPoints>
              <MethodPoint vc="0" upsid="0" p8:type="SequencePoint" ordinal="0" offset="0" sc="0" sl="27" ec="1" el="34" bec="0" bev="0" fileid="4" xmlns:p8="xsi" />
            </Method>
          </Methods>
        </Class>
        <Class>
          <Summary numSequencePoints="6" visitedSequencePoints="0" numBranchPoints="4" visitedBranchPoints="0" sequenceCoverage="0" branchCoverage="0" maxCyclomaticComplexity="0" minCyclomaticComplexity="0" visitedClasses="0" numClasses="1" visitedMethods="0" numMethods="1" />
          <FullName>GeekBudget.Validators.Implementations.TabValidators/&lt;TabTypeRequired&gt;d__6</FullName>
          <Methods>
            <Method cyclomaticComplexity="0" nPathComplexity="0" sequenceCoverage="0" branchCoverage="0" isConstructor="False" isGetter="False" isSetter="False" isStatic="True">
              <Summary numSequencePoints="6" visitedSequencePoints="0" numBranchPoints="4" visitedBranchPoints="0" sequenceCoverage="0" branchCoverage="0" maxCyclomaticComplexity="0" minCyclomaticComplexity="0" visitedClasses="0" numClasses="0" visitedMethods="0" numMethods="1" />
              <MetadataToken />
              <Name>System.Void GeekBudget.Validators.Implementations.TabValidators/&lt;TabTypeRequired&gt;d__6::MoveNext()</Name>
              <FileRef uid="4" />
              <SequencePoints>
                <SequencePoint vc="0" upsid="37" ordinal="0" sl="37" sc="1" el="37" ec="2" bec="0" bev="0" fileid="4" />
                <SequencePoint vc="0" upsid="38" ordinal="1" sl="38" sc="1" el="38" ec="2" bec="0" bev="0" fileid="4" />
                <SequencePoint vc="0" upsid="40" ordinal="2" sl="40" sc="1" el="40" ec="2" bec="0" bev="0" fileid="4" />
                <SequencePoint vc="0" upsid="41" ordinal="3" sl="41" sc="1" el="41" ec="2" bec="0" bev="0" fileid="4" />
                <SequencePoint vc="0" upsid="43" ordinal="4" sl="43" sc="1" el="43" ec="2" bec="0" bev="0" fileid="4" />
                <SequencePoint vc="0" upsid="44" ordinal="5" sl="44" sc="1" el="44" ec="2" bec="0" bev="0" fileid="4" />
              </SequencePoints>
              <BranchPoints>
                <BranchPoint vc="0" upsid="40" ordinal="0" path="0" offset="50" offsetend="52" sl="40" fileid="4" />
                <BranchPoint vc="0" upsid="40" ordinal="1" path="1" offset="50" offsetend="53" sl="40" fileid="4" />
                <BranchPoint vc="0" upsid="43" ordinal="2" path="0" offset="95" offsetend="97" sl="43" fileid="4" />
                <BranchPoint vc="0" upsid="43" ordinal="3" path="1" offset="95" offsetend="164" sl="43" fileid="4" />
              </BranchPoints>
              <MethodPoint vc="0" upsid="0" p8:type="SequencePoint" ordinal="0" offset="0" sc="0" sl="37" ec="1" el="44" bec="0" bev="0" fileid="4" xmlns:p8="xsi" />
            </Method>
          </Methods>
        </Class>
        <Class>
          <Summary numSequencePoints="6" visitedSequencePoints="0" numBranchPoints="4" visitedBranchPoints="0" sequenceCoverage="0" branchCoverage="0" maxCyclomaticComplexity="0" minCyclomaticComplexity="0" visitedClasses="0" numClasses="1" visitedMethods="0" numMethods="1" />
          <FullName>GeekBudget.Validators.Implementations.TabValidators/&lt;NotNull&gt;d__7</FullName>
          <Methods>
            <Method cyclomaticComplexity="0" nPathComplexity="0" sequenceCoverage="0" branchCoverage="0" isConstructor="False" isGetter="False" isSetter="False" isStatic="True">
              <Summary numSequencePoints="6" visitedSequencePoints="0" numBranchPoints="4" visitedBranchPoints="0" sequenceCoverage="0" branchCoverage="0" maxCyclomaticComplexity="0" minCyclomaticComplexity="0" visitedClasses="0" numClasses="0" visitedMethods="0" numMethods="1" />
              <MetadataToken />
              <Name>System.Void GeekBudget.Validators.Implementations.TabValidators/&lt;NotNull&gt;d__7::MoveNext()</Name>
              <FileRef uid="4" />
              <SequencePoints>
                <SequencePoint vc="0" upsid="47" ordinal="0" sl="47" sc="1" el="47" ec="2" bec="0" bev="0" fileid="4" />
                <SequencePoint vc="0" upsid="48" ordinal="1" sl="48" sc="1" el="48" ec="2" bec="0" bev="0" fileid="4" />
                <SequencePoint vc="0" upsid="50" ordinal="2" sl="50" sc="1" el="50" ec="2" bec="0" bev="0" fileid="4" />
                <SequencePoint vc="0" upsid="51" ordinal="3" sl="51" sc="1" el="51" ec="2" bec="0" bev="0" fileid="4" />
                <SequencePoint vc="0" upsid="53" ordinal="4" sl="53" sc="1" el="53" ec="2" bec="0" bev="0" fileid="4" />
                <SequencePoint vc="0" upsid="54" ordinal="5" sl="54" sc="1" el="54" ec="2" bec="0" bev="0" fileid="4" />
              </SequencePoints>
              <BranchPoints>
                <BranchPoint vc="0" upsid="50" ordinal="0" path="0" offset="37" offsetend="39" sl="50" fileid="4" />
                <BranchPoint vc="0" upsid="50" ordinal="1" path="1" offset="37" offsetend="40" sl="50" fileid="4" />
                <BranchPoint vc="0" upsid="53" ordinal="2" path="0" offset="81" offsetend="83" sl="53" fileid="4" />
                <BranchPoint vc="0" upsid="53" ordinal="3" path="1" offset="81" offsetend="148" sl="53" fileid="4" />
              </BranchPoints>
              <MethodPoint vc="0" upsid="0" p8:type="SequencePoint" ordinal="0" offset="0" sc="0" sl="47" ec="1" el="54" bec="0" bev="0" fileid="4" xmlns:p8="xsi" />
            </Method>
          </Methods>
        </Class>
        <Class>
          <Summary numSequencePoints="34" visitedSequencePoints="34" numBranchPoints="6" visitedBranchPoints="3" sequenceCoverage="1" branchCoverage="0,5" maxCyclomaticComplexity="0" minCyclomaticComplexity="0" visitedClasses="1" numClasses="1" visitedMethods="6" numMethods="6" />
          <FullName>GeekBudget.Services.Implementations.MappingService</FullName>
          <Methods>
            <Method cyclomaticComplexity="0" nPathComplexity="0" sequenceCoverage="1" branchCoverage="0,5" isConstructor="False" isGetter="False" isSetter="False" isStatic="True">
              <Summary numSequencePoints="7" visitedSequencePoints="7" numBranchPoints="4" visitedBranchPoints="2" sequenceCoverage="1" branchCoverage="0,5" maxCyclomaticComplexity="0" minCyclomaticComplexity="0" visitedClasses="0" numClasses="0" visitedMethods="1" numMethods="1" />
              <MetadataToken />
              <Name>GeekBudget.Models.Tab GeekBudget.Services.Implementations.MappingService::Map(GeekBudget.Models.ViewModels.TabViewModel)</Name>
              <FileRef uid="5" />
              <SequencePoints>
                <SequencePoint vc="2" upsid="11" ordinal="0" sl="11" sc="1" el="11" ec="2" bec="0" bev="0" fileid="5" />
                <SequencePoint vc="2" upsid="12" ordinal="1" sl="12" sc="1" el="12" ec="2" bec="0" bev="0" fileid="5" />
                <SequencePoint vc="2" upsid="13" ordinal="2" sl="13" sc="1" el="13" ec="2" bec="0" bev="0" fileid="5" />
                <SequencePoint vc="2" upsid="14" ordinal="3" sl="14" sc="1" el="14" ec="2" bec="0" bev="0" fileid="5" />
                <SequencePoint vc="2" upsid="15" ordinal="4" sl="15" sc="1" el="15" ec="2" bec="0" bev="0" fileid="5" />
                <SequencePoint vc="2" upsid="16" ordinal="5" sl="16" sc="1" el="16" ec="2" bec="0" bev="0" fileid="5" />
                <SequencePoint vc="2" upsid="17" ordinal="6" sl="17" sc="1" el="17" ec="2" bec="0" bev="0" fileid="5" />
              </SequencePoints>
              <BranchPoints>
                <BranchPoint vc="3" upsid="11" ordinal="0" path="0" offset="33" offsetend="35" sl="11" fileid="5" />
                <BranchPoint vc="0" upsid="11" ordinal="1" path="1" offset="33" offsetend="42" sl="11" fileid="5" />
                <BranchPoint vc="3" upsid="11" ordinal="2" path="0" offset="83" offsetend="85" sl="11" fileid="5" />
                <BranchPoint vc="0" upsid="11" ordinal="3" path="1" offset="83" offsetend="88" sl="11" fileid="5" />
              </BranchPoints>
              <MethodPoint vc="7" upsid="0" p8:type="SequencePoint" ordinal="0" offset="0" sc="0" sl="11" ec="1" el="17" bec="0" bev="0" fileid="5" xmlns:p8="xsi" />
            </Method>
            <Method cyclomaticComplexity="0" nPathComplexity="0" sequenceCoverage="1" branchCoverage="0" isConstructor="False" isGetter="False" isSetter="False" isStatic="True">
              <Summary numSequencePoints="8" visitedSequencePoints="8" numBranchPoints="0" visitedBranchPoints="0" sequenceCoverage="1" branchCoverage="0" maxCyclomaticComplexity="0" minCyclomaticComplexity="0" visitedClasses="0" numClasses="0" visitedMethods="1" numMethods="1" />
              <MetadataToken />
              <Name>GeekBudget.Models.ViewModels.TabViewModel GeekBudget.Services.Implementations.MappingService::Map(GeekBudget.Models.Tab)</Name>
              <FileRef uid="5" />
              <SequencePoints>
                <SequencePoint vc="3" upsid="19" ordinal="0" sl="19" sc="1" el="19" ec="2" bec="0" bev="0" fileid="5" />
                <SequencePoint vc="3" upsid="20" ordinal="1" sl="20" sc="1" el="20" ec="2" bec="0" bev="0" fileid="5" />
                <SequencePoint vc="3" upsid="21" ordinal="2" sl="21" sc="1" el="21" ec="2" bec="0" bev="0" fileid="5" />
                <SequencePoint vc="3" upsid="22" ordinal="3" sl="22" sc="1" el="22" ec="2" bec="0" bev="0" fileid="5" />
                <SequencePoint vc="3" upsid="23" ordinal="4" sl="23" sc="1" el="23" ec="2" bec="0" bev="0" fileid="5" />
                <SequencePoint vc="3" upsid="24" ordinal="5" sl="24" sc="1" el="24" ec="2" bec="0" bev="0" fileid="5" />
                <SequencePoint vc="3" upsid="25" ordinal="6" sl="25" sc="1" el="25" ec="2" bec="0" bev="0" fileid="5" />
                <SequencePoint vc="3" upsid="26" ordinal="7" sl="26" sc="1" el="26" ec="2" bec="0" bev="0" fileid="5" />
              </SequencePoints>
              <BranchPoints />
              <MethodPoint vc="8" upsid="0" p8:type="SequencePoint" ordinal="1" offset="1" sc="0" sl="19" ec="1" el="26" bec="0" bev="0" fileid="5" xmlns:p8="xsi" />
            </Method>
            <Method cyclomaticComplexity="0" nPathComplexity="0" sequenceCoverage="1" branchCoverage="0" isConstructor="False" isGetter="False" isSetter="False" isStatic="True">
              <Summary numSequencePoints="1" visitedSequencePoints="1" numBranchPoints="0" visitedBranchPoints="0" sequenceCoverage="1" branchCoverage="0" maxCyclomaticComplexity="0" minCyclomaticComplexity="0" visitedClasses="0" numClasses="0" visitedMethods="1" numMethods="1" />
              <MetadataToken />
              <Name>System.Collections.Generic.IEnumerable`1&lt;GeekBudget.Models.ViewModels.TabViewModel&gt; GeekBudget.Services.Implementations.MappingService::Map(System.Collections.Generic.IEnumerable`1&lt;GeekBudget.Models.Tab&gt;)</Name>
              <FileRef uid="5" />
              <SequencePoints>
                <SequencePoint vc="1" upsid="28" ordinal="0" sl="28" sc="1" el="28" ec="2" bec="0" bev="0" fileid="5" />
              </SequencePoints>
              <BranchPoints />
              <MethodPoint vc="1" upsid="0" p8:type="SequencePoint" ordinal="2" offset="2" sc="0" sl="28" ec="1" el="28" bec="0" bev="0" fileid="5" xmlns:p8="xsi" />
            </Method>
            <Method cyclomaticComplexity="0" nPathComplexity="0" sequenceCoverage="1" branchCoverage="0,5" isConstructor="False" isGetter="False" isSetter="False" isStatic="True">
              <Summary numSequencePoints="7" visitedSequencePoints="7" numBranchPoints="2" visitedBranchPoints="1" sequenceCoverage="1" branchCoverage="0,5" maxCyclomaticComplexity="0" minCyclomaticComplexity="0" visitedClasses="0" numClasses="0" visitedMethods="1" numMethods="1" />
              <MetadataToken />
              <Name>GeekBudget.Models.Operation GeekBudget.Services.Implementations.MappingService::Map(GeekBudget.Models.ViewModels.OperationViewModel)</Name>
              <FileRef uid="5" />
              <SequencePoints>
                <SequencePoint vc="1" upsid="30" ordinal="0" sl="30" sc="1" el="30" ec="2" bec="0" bev="0" fileid="5" />
                <SequencePoint vc="1" upsid="31" ordinal="1" sl="31" sc="1" el="31" ec="2" bec="0" bev="0" fileid="5" />
                <SequencePoint vc="1" upsid="32" ordinal="2" sl="32" sc="1" el="32" ec="2" bec="0" bev="0" fileid="5" />
                <SequencePoint vc="1" upsid="33" ordinal="3" sl="33" sc="1" el="33" ec="2" bec="0" bev="0" fileid="5" />
                <SequencePoint vc="1" upsid="34" ordinal="4" sl="34" sc="1" el="34" ec="2" bec="0" bev="0" fileid="5" />
                <SequencePoint vc="1" upsid="35" ordinal="5" sl="35" sc="1" el="35" ec="2" bec="0" bev="0" fileid="5" />
                <SequencePoint vc="1" upsid="36" ordinal="6" sl="36" sc="1" el="36" ec="2" bec="0" bev="0" fileid="5" />
              </SequencePoints>
              <BranchPoints>
                <BranchPoint vc="1" upsid="30" ordinal="0" path="0" offset="33" offsetend="35" sl="30" fileid="5" />
                <BranchPoint vc="0" upsid="30" ordinal="1" path="1" offset="33" offsetend="42" sl="30" fileid="5" />
              </BranchPoints>
              <MethodPoint vc="7" upsid="0" p8:type="SequencePoint" ordinal="3" offset="3" sc="0" sl="30" ec="1" el="36" bec="0" bev="0" fileid="5" xmlns:p8="xsi" />
            </Method>
            <Method cyclomaticComplexity="0" nPathComplexity="0" sequenceCoverage="1" branchCoverage="0" isConstructor="False" isGetter="False" isSetter="False" isStatic="True">
              <Summary numSequencePoints="10" visitedSequencePoints="10" numBranchPoints="0" visitedBranchPoints="0" sequenceCoverage="1" branchCoverage="0" maxCyclomaticComplexity="0" minCyclomaticComplexity="0" visitedClasses="0" numClasses="0" visitedMethods="1" numMethods="1" />
              <MetadataToken />
              <Name>GeekBudget.Models.ViewModels.OperationViewModel GeekBudget.Services.Implementations.MappingService::Map(GeekBudget.Models.Operation)</Name>
              <FileRef uid="5" />
              <SequencePoints>
                <SequencePoint vc="4" upsid="38" ordinal="0" sl="38" sc="1" el="38" ec="2" bec="0" bev="0" fileid="5" />
                <SequencePoint vc="4" upsid="39" ordinal="1" sl="39" sc="1" el="39" ec="2" bec="0" bev="0" fileid="5" />
                <SequencePoint vc="4" upsid="40" ordinal="2" sl="40" sc="1" el="40" ec="2" bec="0" bev="0" fileid="5" />
                <SequencePoint vc="4" upsid="41" ordinal="3" sl="41" sc="1" el="41" ec="2" bec="0" bev="0" fileid="5" />
                <SequencePoint vc="4" upsid="42" ordinal="4" sl="42" sc="1" el="42" ec="2" bec="0" bev="0" fileid="5" />
                <SequencePoint vc="4" upsid="43" ordinal="5" sl="43" sc="1" el="43" ec="2" bec="0" bev="0" fileid="5" />
                <SequencePoint vc="4" upsid="44" ordinal="6" sl="44" sc="1" el="44" ec="2" bec="0" bev="0" fileid="5" />
                <SequencePoint vc="4" upsid="45" ordinal="7" sl="45" sc="1" el="45" ec="2" bec="0" bev="0" fileid="5" />
                <SequencePoint vc="4" upsid="46" ordinal="8" sl="46" sc="1" el="46" ec="2" bec="0" bev="0" fileid="5" />
                <SequencePoint vc="4" upsid="47" ordinal="9" sl="47" sc="1" el="47" ec="2" bec="0" bev="0" fileid="5" />
              </SequencePoints>
              <BranchPoints />
              <MethodPoint vc="10" upsid="0" p8:type="SequencePoint" ordinal="4" offset="4" sc="0" sl="38" ec="1" el="47" bec="0" bev="0" fileid="5" xmlns:p8="xsi" />
            </Method>
            <Method cyclomaticComplexity="0" nPathComplexity="0" sequenceCoverage="1" branchCoverage="0" isConstructor="False" isGetter="False" isSetter="False" isStatic="True">
              <Summary numSequencePoints="1" visitedSequencePoints="1" numBranchPoints="0" visitedBranchPoints="0" sequenceCoverage="1" branchCoverage="0" maxCyclomaticComplexity="0" minCyclomaticComplexity="0" visitedClasses="0" numClasses="0" visitedMethods="1" numMethods="1" />
              <MetadataToken />
              <Name>System.Collections.Generic.IEnumerable`1&lt;GeekBudget.Models.ViewModels.OperationViewModel&gt; GeekBudget.Services.Implementations.MappingService::Map(System.Collections.Generic.IEnumerable`1&lt;GeekBudget.Models.Operation&gt;)</Name>
              <FileRef uid="5" />
              <SequencePoints>
                <SequencePoint vc="2" upsid="49" ordinal="0" sl="49" sc="1" el="49" ec="2" bec="0" bev="0" fileid="5" />
              </SequencePoints>
              <BranchPoints />
              <MethodPoint vc="1" upsid="0" p8:type="SequencePoint" ordinal="5" offset="5" sc="0" sl="49" ec="1" el="49" bec="0" bev="0" fileid="5" xmlns:p8="xsi" />
            </Method>
          </Methods>
        </Class>
        <Class>
          <Summary numSequencePoints="23" visitedSequencePoints="0" numBranchPoints="0" visitedBranchPoints="0" sequenceCoverage="0" branchCoverage="0" maxCyclomaticComplexity="0" minCyclomaticComplexity="0" visitedClasses="0" numClasses="1" visitedMethods="0" numMethods="7" />
          <FullName>GeekBudget.Services.Implementations.OperationService</FullName>
          <Methods>
            <Method cyclomaticComplexity="0" nPathComplexity="0" sequenceCoverage="0" branchCoverage="0" isConstructor="False" isGetter="False" isSetter="False" isStatic="True">
              <Summary numSequencePoints="1" visitedSequencePoints="0" numBranchPoints="0" visitedBranchPoints="0" sequenceCoverage="0" branchCoverage="0" maxCyclomaticComplexity="0" minCyclomaticComplexity="0" visitedClasses="0" numClasses="0" visitedMethods="0" numMethods="1" />
              <MetadataToken />
              <Name>GeekBudget.Models.Error GeekBudget.Services.Implementations.OperationService::AddOperationNotAllowed()</Name>
              <FileRef uid="6" />
              <SequencePoints>
                <SequencePoint vc="0" upsid="19" ordinal="0" sl="19" sc="1" el="19" ec="2" bec="0" bev="0" fileid="6" />
              </SequencePoints>
              <BranchPoints />
              <MethodPoint vc="0" upsid="0" p8:type="SequencePoint" ordinal="0" offset="0" sc="0" sl="19" ec="1" el="19" bec="0" bev="0" fileid="6" xmlns:p8="xsi" />
            </Method>
            <Method cyclomaticComplexity="0" nPathComplexity="0" sequenceCoverage="0" branchCoverage="0" isConstructor="False" isGetter="False" isSetter="False" isStatic="True">
              <Summary numSequencePoints="1" visitedSequencePoints="0" numBranchPoints="0" visitedBranchPoints="0" sequenceCoverage="0" branchCoverage="0" maxCyclomaticComplexity="0" minCyclomaticComplexity="0" visitedClasses="0" numClasses="0" visitedMethods="0" numMethods="1" />
              <MetadataToken />
              <Name>GeekBudget.Models.Error GeekBudget.Services.Implementations.OperationService::NoOperationWithId(System.Int32)</Name>
              <FileRef uid="6" />
              <SequencePoints>
                <SequencePoint vc="0" upsid="21" ordinal="0" sl="21" sc="1" el="21" ec="2" bec="0" bev="0" fileid="6" />
              </SequencePoints>
              <BranchPoints />
              <MethodPoint vc="0" upsid="0" p8:type="SequencePoint" ordinal="1" offset="1" sc="0" sl="21" ec="1" el="21" bec="0" bev="0" fileid="6" xmlns:p8="xsi" />
            </Method>
            <Method cyclomaticComplexity="0" nPathComplexity="0" sequenceCoverage="0" branchCoverage="0" isConstructor="False" isGetter="False" isSetter="False" isStatic="True">
              <Summary numSequencePoints="1" visitedSequencePoints="0" numBranchPoints="0" visitedBranchPoints="0" sequenceCoverage="0" branchCoverage="0" maxCyclomaticComplexity="0" minCyclomaticComplexity="0" visitedClasses="0" numClasses="0" visitedMethods="0" numMethods="1" />
              <MetadataToken />
              <Name>GeekBudget.Models.Error GeekBudget.Services.Implementations.OperationService::ChangeOperationNotAllowed()</Name>
              <FileRef uid="6" />
              <SequencePoints>
                <SequencePoint vc="0" upsid="23" ordinal="0" sl="23" sc="1" el="23" ec="2" bec="0" bev="0" fileid="6" />
              </SequencePoints>
              <BranchPoints />
              <MethodPoint vc="0" upsid="0" p8:type="SequencePoint" ordinal="2" offset="2" sc="0" sl="23" ec="1" el="23" bec="0" bev="0" fileid="6" xmlns:p8="xsi" />
            </Method>
            <Method cyclomaticComplexity="0" nPathComplexity="0" sequenceCoverage="0" branchCoverage="0" isConstructor="False" isGetter="False" isSetter="False" isStatic="True">
              <Summary numSequencePoints="5" visitedSequencePoints="0" numBranchPoints="0" visitedBranchPoints="0" sequenceCoverage="0" branchCoverage="0" maxCyclomaticComplexity="0" minCyclomaticComplexity="0" visitedClasses="0" numClasses="0" visitedMethods="0" numMethods="1" />
              <MetadataToken />
              <Name>System.Void GeekBudget.Services.Implementations.OperationService::RemoveFromTab(GeekBudget.Models.Operation)</Name>
              <FileRef uid="6" />
              <SequencePoints>
                <SequencePoint vc="0" upsid="230" ordinal="0" sl="230" sc="1" el="230" ec="2" bec="0" bev="0" fileid="6" />
                <SequencePoint vc="0" upsid="231" ordinal="1" sl="231" sc="1" el="231" ec="2" bec="0" bev="0" fileid="6" />
                <SequencePoint vc="0" upsid="232" ordinal="2" sl="232" sc="1" el="232" ec="2" bec="0" bev="0" fileid="6" />
                <SequencePoint vc="0" upsid="233" ordinal="3" sl="233" sc="1" el="233" ec="2" bec="0" bev="0" fileid="6" />
                <SequencePoint vc="0" upsid="234" ordinal="4" sl="234" sc="1" el="234" ec="2" bec="0" bev="0" fileid="6" />
              </SequencePoints>
              <BranchPoints />
              <MethodPoint vc="0" upsid="0" p8:type="SequencePoint" ordinal="3" offset="3" sc="0" sl="230" ec="1" el="234" bec="0" bev="0" fileid="6" xmlns:p8="xsi" />
            </Method>
            <Method cyclomaticComplexity="0" nPathComplexity="0" sequenceCoverage="0" branchCoverage="0" isConstructor="False" isGetter="False" isSetter="False" isStatic="True">
              <Summary numSequencePoints="5" visitedSequencePoints="0" numBranchPoints="0" visitedBranchPoints="0" sequenceCoverage="0" branchCoverage="0" maxCyclomaticComplexity="0" minCyclomaticComplexity="0" visitedClasses="0" numClasses="0" visitedMethods="0" numMethods="1" />
              <MetadataToken />
              <Name>System.Void GeekBudget.Services.Implementations.OperationService::RemoveToTab(GeekBudget.Models.Operation)</Name>
              <FileRef uid="6" />
              <SequencePoints>
                <SequencePoint vc="0" upsid="237" ordinal="0" sl="237" sc="1" el="237" ec="2" bec="0" bev="0" fileid="6" />
                <SequencePoint vc="0" upsid="238" ordinal="1" sl="238" sc="1" el="238" ec="2" bec="0" bev="0" fileid="6" />
                <SequencePoint vc="0" upsid="239" ordinal="2" sl="239" sc="1" el="239" ec="2" bec="0" bev="0" fileid="6" />
                <SequencePoint vc="0" upsid="240" ordinal="3" sl="240" sc="1" el="240" ec="2" bec="0" bev="0" fileid="6" />
                <SequencePoint vc="0" upsid="241" ordinal="4" sl="241" sc="1" el="241" ec="2" bec="0" bev="0" fileid="6" />
              </SequencePoints>
              <BranchPoints />
              <MethodPoint vc="0" upsid="0" p8:type="SequencePoint" ordinal="4" offset="4" sc="0" sl="237" ec="1" el="241" bec="0" bev="0" fileid="6" xmlns:p8="xsi" />
            </Method>
            <Method cyclomaticComplexity="0" nPathComplexity="0" sequenceCoverage="0" branchCoverage="0" isConstructor="False" isGetter="False" isSetter="False" isStatic="True">
              <Summary numSequencePoints="5" visitedSequencePoints="0" numBranchPoints="0" visitedBranchPoints="0" sequenceCoverage="0" branchCoverage="0" maxCyclomaticComplexity="0" minCyclomaticComplexity="0" visitedClasses="0" numClasses="0" visitedMethods="0" numMethods="1" />
              <MetadataToken />
              <Name>System.Void GeekBudget.Services.Implementations.OperationService::AddFromTab(GeekBudget.Models.Tab,GeekBudget.Models.Operation)</Name>
              <FileRef uid="6" />
              <SequencePoints>
                <SequencePoint vc="0" upsid="244" ordinal="0" sl="244" sc="1" el="244" ec="2" bec="0" bev="0" fileid="6" />
                <SequencePoint vc="0" upsid="245" ordinal="1" sl="245" sc="1" el="245" ec="2" bec="0" bev="0" fileid="6" />
                <SequencePoint vc="0" upsid="246" ordinal="2" sl="246" sc="1" el="246" ec="2" bec="0" bev="0" fileid="6" />
                <SequencePoint vc="0" upsid="247" ordinal="3" sl="247" sc="1" el="247" ec="2" bec="0" bev="0" fileid="6" />
                <SequencePoint vc="0" upsid="248" ordinal="4" sl="248" sc="1" el="248" ec="2" bec="0" bev="0" fileid="6" />
              </SequencePoints>
              <BranchPoints />
              <MethodPoint vc="0" upsid="0" p8:type="SequencePoint" ordinal="5" offset="5" sc="0" sl="244" ec="1" el="248" bec="0" bev="0" fileid="6" xmlns:p8="xsi" />
            </Method>
            <Method cyclomaticComplexity="0" nPathComplexity="0" sequenceCoverage="0" branchCoverage="0" isConstructor="False" isGetter="False" isSetter="False" isStatic="True">
              <Summary numSequencePoints="5" visitedSequencePoints="0" numBranchPoints="0" visitedBranchPoints="0" sequenceCoverage="0" branchCoverage="0" maxCyclomaticComplexity="0" minCyclomaticComplexity="0" visitedClasses="0" numClasses="0" visitedMethods="0" numMethods="1" />
              <MetadataToken />
              <Name>System.Void GeekBudget.Services.Implementations.OperationService::AddToTab(GeekBudget.Models.Tab,GeekBudget.Models.Operation)</Name>
              <FileRef uid="6" />
              <SequencePoints>
                <SequencePoint vc="0" upsid="251" ordinal="0" sl="251" sc="1" el="251" ec="2" bec="0" bev="0" fileid="6" />
                <SequencePoint vc="0" upsid="252" ordinal="1" sl="252" sc="1" el="252" ec="2" bec="0" bev="0" fileid="6" />
                <SequencePoint vc="0" upsid="253" ordinal="2" sl="253" sc="1" el="253" ec="2" bec="0" bev="0" fileid="6" />
                <SequencePoint vc="0" upsid="254" ordinal="3" sl="254" sc="1" el="254" ec="2" bec="0" bev="0" fileid="6" />
                <SequencePoint vc="0" upsid="255" ordinal="4" sl="255" sc="1" el="255" ec="2" bec="0" bev="0" fileid="6" />
              </SequencePoints>
              <BranchPoints />
              <MethodPoint vc="0" upsid="0" p8:type="SequencePoint" ordinal="6" offset="6" sc="0" sl="251" ec="1" el="255" bec="0" bev="0" fileid="6" xmlns:p8="xsi" />
            </Method>
          </Methods>
        </Class>
        <Class>
          <Summary numSequencePoints="6" visitedSequencePoints="0" numBranchPoints="2" visitedBranchPoints="0" sequenceCoverage="0" branchCoverage="0" maxCyclomaticComplexity="0" minCyclomaticComplexity="0" visitedClasses="0" numClasses="1" visitedMethods="0" numMethods="1" />
          <FullName>GeekBudget.Services.Implementations.OperationService/&lt;GetAll&gt;d__6</FullName>
          <Methods>
            <Method cyclomaticComplexity="0" nPathComplexity="0" sequenceCoverage="0" branchCoverage="0" isConstructor="False" isGetter="False" isSetter="False" isStatic="True">
              <Summary numSequencePoints="6" visitedSequencePoints="0" numBranchPoints="2" visitedBranchPoints="0" sequenceCoverage="0" branchCoverage="0" maxCyclomaticComplexity="0" minCyclomaticComplexity="0" visitedClasses="0" numClasses="0" visitedMethods="0" numMethods="1" />
              <MetadataToken />
              <Name>System.Void GeekBudget.Services.Implementations.OperationService/&lt;GetAll&gt;d__6::MoveNext()</Name>
              <FileRef uid="6" />
              <SequencePoints>
                <SequencePoint vc="0" upsid="35" ordinal="0" sl="35" sc="1" el="35" ec="2" bec="0" bev="0" fileid="6" />
                <SequencePoint vc="0" upsid="36" ordinal="1" sl="36" sc="1" el="36" ec="2" bec="0" bev="0" fileid="6" />
                <SequencePoint vc="0" upsid="37" ordinal="2" sl="37" sc="1" el="37" ec="2" bec="0" bev="0" fileid="6" />
                <SequencePoint vc="0" upsid="38" ordinal="3" sl="38" sc="1" el="38" ec="2" bec="0" bev="0" fileid="6" />
                <SequencePoint vc="0" upsid="40" ordinal="4" sl="40" sc="1" el="40" ec="2" bec="0" bev="0" fileid="6" />
                <SequencePoint vc="0" upsid="41" ordinal="5" sl="41" sc="1" el="41" ec="2" bec="0" bev="0" fileid="6" />
              </SequencePoints>
              <BranchPoints>
                <BranchPoint vc="0" upsid="36" ordinal="0" path="0" offset="63" offsetend="65" sl="36" fileid="6" />
                <BranchPoint vc="0" upsid="36" ordinal="1" path="1" offset="63" offsetend="130" sl="36" fileid="6" />
              </BranchPoints>
              <MethodPoint vc="0" upsid="0" p8:type="SequencePoint" ordinal="0" offset="0" sc="0" sl="35" ec="1" el="41" bec="0" bev="0" fileid="6" xmlns:p8="xsi" />
            </Method>
          </Methods>
        </Class>
        <Class>
          <Summary numSequencePoints="9" visitedSequencePoints="0" numBranchPoints="2" visitedBranchPoints="0" sequenceCoverage="0" branchCoverage="0" maxCyclomaticComplexity="0" minCyclomaticComplexity="0" visitedClasses="0" numClasses="1" visitedMethods="0" numMethods="1" />
          <FullName>GeekBudget.Services.Implementations.OperationService/&lt;Get&gt;d__7</FullName>
          <Methods>
            <Method cyclomaticComplexity="0" nPathComplexity="0" sequenceCoverage="0" branchCoverage="0" isConstructor="False" isGetter="False" isSetter="False" isStatic="True">
              <Summary numSequencePoints="9" visitedSequencePoints="0" numBranchPoints="2" visitedBranchPoints="0" sequenceCoverage="0" branchCoverage="0" maxCyclomaticComplexity="0" minCyclomaticComplexity="0" visitedClasses="0" numClasses="0" visitedMethods="0" numMethods="1" />
              <MetadataToken />
              <Name>System.Void GeekBudget.Services.Implementations.OperationService/&lt;Get&gt;d__7::MoveNext()</Name>
              <FileRef uid="6" />
              <SequencePoints>
                <SequencePoint vc="0" upsid="44" ordinal="0" sl="44" sc="1" el="44" ec="2" bec="0" bev="0" fileid="6" />
                <SequencePoint vc="0" upsid="45" ordinal="1" sl="45" sc="1" el="45" ec="2" bec="0" bev="0" fileid="6" />
                <SequencePoint vc="0" upsid="46" ordinal="2" sl="46" sc="1" el="46" ec="2" bec="0" bev="0" fileid="6" />
                <SequencePoint vc="0" upsid="47" ordinal="3" sl="47" sc="1" el="47" ec="2" bec="0" bev="0" fileid="6" />
                <SequencePoint vc="0" upsid="48" ordinal="4" sl="48" sc="1" el="48" ec="2" bec="0" bev="0" fileid="6" />
                <SequencePoint vc="0" upsid="49" ordinal="5" sl="49" sc="1" el="49" ec="2" bec="0" bev="0" fileid="6" />
                <SequencePoint vc="0" upsid="50" ordinal="6" sl="50" sc="1" el="50" ec="2" bec="0" bev="0" fileid="6" />
[...]
          <Methods>
            <Method cyclomaticComplexity="0" nPathComplexity="0" sequenceCoverage="0,833" branchCoverage="0,5" isConstructor="False" isGetter="False" isSetter="False" isStatic="True">
              <Summary numSequencePoints="6" visitedSequencePoints="5" numBranchPoints="4" visitedBranchPoints="2" sequenceCoverage="0,833" branchCoverage="0,5" maxCyclomaticComplexity="0" minCyclomaticComplexity="0" visitedClasses="0" numClasses="0" visitedMethods="1" numMethods="1" />
              <MetadataToken />
              <Name>System.Void GeekBudget.Controllers.TabController/&lt;GetAll&gt;d__4::MoveNext()</Name>
              <FileRef uid="30" />
              <SequencePoints>
                <SequencePoint vc="1" upsid="35" ordinal="0" sl="35" sc="1" el="35" ec="2" bec="0" bev="0" fileid="30" />
                <SequencePoint vc="1" upsid="36" ordinal="1" sl="36" sc="1" el="36" ec="2" bec="0" bev="0" fileid="30" />
                <SequencePoint vc="1" upsid="38" ordinal="2" sl="38" sc="1" el="38" ec="2" bec="0" bev="0" fileid="30" />
                <SequencePoint vc="1" upsid="39" ordinal="3" sl="39" sc="1" el="39" ec="2" bec="0" bev="0" fileid="30" />
                <SequencePoint vc="0" upsid="41" ordinal="4" sl="41" sc="1" el="41" ec="2" bec="0" bev="0" fileid="30" />
                <SequencePoint vc="1" upsid="42" ordinal="5" sl="42" sc="1" el="42" ec="2" bec="0" bev="0" fileid="30" />
              </SequencePoints>
              <BranchPoints>
                <BranchPoint vc="0" upsid="36" ordinal="0" path="0" offset="44" offsetend="46" sl="36" fileid="30" />
                <BranchPoint vc="1" upsid="36" ordinal="1" path="1" offset="44" offsetend="113" sl="36" fileid="30" />
                <BranchPoint vc="1" upsid="38" ordinal="2" path="0" offset="163" offsetend="165" sl="38" fileid="30" />
                <BranchPoint vc="0" upsid="38" ordinal="3" path="1" offset="163" offsetend="206" sl="38" fileid="30" />
              </BranchPoints>
              <MethodPoint vc="5" upsid="0" p8:type="SequencePoint" ordinal="0" offset="0" sc="0" sl="35" ec="1" el="42" bec="0" bev="0" fileid="30" xmlns:p8="xsi" />
            </Method>
          </Methods>
        </Class>
        <Class>
          <Summary numSequencePoints="9" visitedSequencePoints="8" numBranchPoints="6" visitedBranchPoints="4" sequenceCoverage="0,889" branchCoverage="0,667" maxCyclomaticComplexity="0" minCyclomaticComplexity="0" visitedClasses="1" numClasses="1" visitedMethods="1" numMethods="1" />
          <FullName>GeekBudget.Controllers.TabController/&lt;Get&gt;d__5</FullName>
          <Methods>
            <Method cyclomaticComplexity="0" nPathComplexity="0" sequenceCoverage="0,889" branchCoverage="0,667" isConstructor="False" isGetter="False" isSetter="False" isStatic="True">
              <Summary numSequencePoints="9" visitedSequencePoints="8" numBranchPoints="6" visitedBranchPoints="4" sequenceCoverage="0,889" branchCoverage="0,667" maxCyclomaticComplexity="0" minCyclomaticComplexity="0" visitedClasses="0" numClasses="0" visitedMethods="1" numMethods="1" />
              <MetadataToken />
              <Name>System.Void GeekBudget.Controllers.TabController/&lt;Get&gt;d__5::MoveNext()</Name>
              <FileRef uid="30" />
              <SequencePoints>
                <SequencePoint vc="2" upsid="46" ordinal="0" sl="46" sc="1" el="46" ec="2" bec="0" bev="0" fileid="30" />
                <SequencePoint vc="2" upsid="47" ordinal="1" sl="47" sc="1" el="47" ec="2" bec="0" bev="0" fileid="30" />
                <SequencePoint vc="2" upsid="49" ordinal="2" sl="49" sc="1" el="49" ec="2" bec="0" bev="0" fileid="30" />
                <SequencePoint vc="2" upsid="50" ordinal="3" sl="50" sc="1" el="50" ec="2" bec="0" bev="0" fileid="30" />
                <SequencePoint vc="2" upsid="51" ordinal="4" sl="51" sc="1" el="51" ec="2" bec="0" bev="0" fileid="30" />
                <SequencePoint vc="1" upsid="52" ordinal="5" sl="52" sc="1" el="52" ec="2" bec="0" bev="0" fileid="30" />
                <SequencePoint vc="1" upsid="54" ordinal="6" sl="54" sc="1" el="54" ec="2" bec="0" bev="0" fileid="30" />
                <SequencePoint vc="0" upsid="57" ordinal="7" sl="57" sc="1" el="57" ec="2" bec="0" bev="0" fileid="30" />
                <SequencePoint vc="2" upsid="60" ordinal="8" sl="60" sc="1" el="60" ec="2" bec="0" bev="0" fileid="30" />
              </SequencePoints>
              <BranchPoints>
                <BranchPoint vc="0" upsid="47" ordinal="0" path="0" offset="50" offsetend="52" sl="47" fileid="30" />
                <BranchPoint vc="3" upsid="47" ordinal="1" path="1" offset="50" offsetend="119" sl="47" fileid="30" />
                <BranchPoint vc="3" upsid="49" ordinal="2" path="0" offset="169" offsetend="171" sl="49" fileid="30" />
                <BranchPoint vc="0" upsid="49" ordinal="3" path="1" offset="169" offsetend="247" sl="49" fileid="30" />
                <BranchPoint vc="1" upsid="51" ordinal="4" path="0" offset="190" offsetend="192" sl="51" fileid="30" />
                <BranchPoint vc="1" upsid="51" ordinal="5" path="1" offset="190" offsetend="233" sl="51" fileid="30" />
              </BranchPoints>
              <MethodPoint vc="8" upsid="0" p8:type="SequencePoint" ordinal="0" offset="0" sc="0" sl="46" ec="1" el="60" bec="0" bev="0" fileid="30" xmlns:p8="xsi" />
            </Method>
          </Methods>
        </Class>
        <Class>
          <Summary numSequencePoints="13" visitedSequencePoints="12" numBranchPoints="10" visitedBranchPoints="6" sequenceCoverage="0,923" branchCoverage="0,6" maxCyclomaticComplexity="0" minCyclomaticComplexity="0" visitedClasses="1" numClasses="1" visitedMethods="1" numMethods="1" />
          <FullName>GeekBudget.Controllers.TabController/&lt;Add&gt;d__6</FullName>
          <Methods>
            <Method cyclomaticComplexity="0" nPathComplexity="0" sequenceCoverage="0,923" branchCoverage="0,6" isConstructor="False" isGetter="False" isSetter="False" isStatic="True">
              <Summary numSequencePoints="13" visitedSequencePoints="12" numBranchPoints="10" visitedBranchPoints="6" sequenceCoverage="0,923" branchCoverage="0,6" maxCyclomaticComplexity="0" minCyclomaticComplexity="0" visitedClasses="0" numClasses="0" visitedMethods="1" numMethods="1" />
              <MetadataToken />
              <Name>System.Void GeekBudget.Controllers.TabController/&lt;Add&gt;d__6::MoveNext()</Name>
              <FileRef uid="30" />
              <SequencePoints>
                <SequencePoint vc="2" upsid="65" ordinal="0" sl="65" sc="1" el="65" ec="2" bec="0" bev="0" fileid="30" />
                <SequencePoint vc="2" upsid="66" ordinal="1" sl="66" sc="1" el="66" ec="2" bec="0" bev="0" fileid="30" />
                <SequencePoint vc="2" upsid="67" ordinal="2" sl="67" sc="1" el="67" ec="2" bec="0" bev="0" fileid="30" />
                <SequencePoint vc="2" upsid="68" ordinal="3" sl="68" sc="1" el="68" ec="2" bec="0" bev="0" fileid="30" />
                <SequencePoint vc="2" upsid="69" ordinal="4" sl="69" sc="1" el="69" ec="2" bec="0" bev="0" fileid="30" />
                <SequencePoint vc="2" upsid="71" ordinal="5" sl="71" sc="1" el="71" ec="2" bec="0" bev="0" fileid="30" />
                <SequencePoint vc="1" upsid="72" ordinal="6" sl="72" sc="1" el="72" ec="2" bec="0" bev="0" fileid="30" />
                <SequencePoint vc="1" upsid="74" ordinal="7" sl="74" sc="1" el="74" ec="2" bec="0" bev="0" fileid="30" />
                <SequencePoint vc="1" upsid="76" ordinal="8" sl="76" sc="1" el="76" ec="2" bec="0" bev="0" fileid="30" />
                <SequencePoint vc="1" upsid="78" ordinal="9" sl="78" sc="1" el="78" ec="2" bec="0" bev="0" fileid="30" />
                <SequencePoint vc="1" upsid="79" ordinal="10" sl="79" sc="1" el="79" ec="2" bec="0" bev="0" fileid="30" />
                <SequencePoint vc="0" upsid="81" ordinal="11" sl="81" sc="1" el="81" ec="2" bec="0" bev="0" fileid="30" />
                <SequencePoint vc="2" upsid="82" ordinal="12" sl="82" sc="1" el="82" ec="2" bec="0" bev="0" fileid="30" />
              </SequencePoints>
              <BranchPoints>
                <BranchPoint vc="3" upsid="65" ordinal="0" path="0" offset="14" offsetend="28" sl="65" fileid="30" />
                <BranchPoint vc="0" upsid="65" ordinal="1" path="1" offset="14" offsetend="358" sl="65" fileid="30" />
                <BranchPoint vc="0" upsid="66" ordinal="2" path="0" offset="111" offsetend="113" sl="66" fileid="30" />
                <BranchPoint vc="3" upsid="66" ordinal="3" path="1" offset="111" offsetend="180" sl="66" fileid="30" />
                <BranchPoint vc="1" upsid="71" ordinal="4" path="0" offset="227" offsetend="229" sl="71" fileid="30" />
                <BranchPoint vc="1" upsid="71" ordinal="5" path="1" offset="227" offsetend="252" sl="71" fileid="30" />
                <BranchPoint vc="0" upsid="76" ordinal="6" path="0" offset="316" offsetend="318" sl="76" fileid="30" />
                <BranchPoint vc="1" upsid="76" ordinal="7" path="1" offset="316" offsetend="387" sl="76" fileid="30" />
                <BranchPoint vc="1" upsid="78" ordinal="8" path="0" offset="437" offsetend="439" sl="78" fileid="30" />
                <BranchPoint vc="0" upsid="78" ordinal="9" path="1" offset="437" offsetend="469" sl="78" fileid="30" />
              </BranchPoints>
              <MethodPoint vc="12" upsid="0" p8:type="SequencePoint" ordinal="0" offset="0" sc="0" sl="65" ec="1" el="82" bec="0" bev="0" fileid="30" xmlns:p8="xsi" />
            </Method>
          </Methods>
        </Class>
        <Class>
          <Summary numSequencePoints="6" visitedSequencePoints="5" numBranchPoints="4" visitedBranchPoints="2" sequenceCoverage="0,833" branchCoverage="0,5" maxCyclomaticComplexity="0" minCyclomaticComplexity="0" visitedClasses="1" numClasses="1" visitedMethods="1" numMethods="1" />
          <FullName>GeekBudget.Controllers.TabController/&lt;Remove&gt;d__7</FullName>
          <Methods>
            <Method cyclomaticComplexity="0" nPathComplexity="0" sequenceCoverage="0,833" branchCoverage="0,5" isConstructor="False" isGetter="False" isSetter="False" isStatic="True">
              <Summary numSequencePoints="6" visitedSequencePoints="5" numBranchPoints="4" visitedBranchPoints="2" sequenceCoverage="0,833" branchCoverage="0,5" maxCyclomaticComplexity="0" minCyclomaticComplexity="0" visitedClasses="0" numClasses="0" visitedMethods="1" numMethods="1" />
              <MetadataToken />
              <Name>System.Void GeekBudget.Controllers.TabController/&lt;Remove&gt;d__7::MoveNext()</Name>
              <FileRef uid="30" />
              <SequencePoints>
                <SequencePoint vc="1" upsid="87" ordinal="0" sl="87" sc="1" el="87" ec="2" bec="0" bev="0" fileid="30" />
                <SequencePoint vc="1" upsid="88" ordinal="1" sl="88" sc="1" el="88" ec="2" bec="0" bev="0" fileid="30" />
                <SequencePoint vc="1" upsid="90" ordinal="2" sl="90" sc="1" el="90" ec="2" bec="0" bev="0" fileid="30" />
                <SequencePoint vc="1" upsid="91" ordinal="3" sl="91" sc="1" el="91" ec="2" bec="0" bev="0" fileid="30" />
                <SequencePoint vc="0" upsid="93" ordinal="4" sl="93" sc="1" el="93" ec="2" bec="0" bev="0" fileid="30" />
                <SequencePoint vc="1" upsid="94" ordinal="5" sl="94" sc="1" el="94" ec="2" bec="0" bev="0" fileid="30" />
              </SequencePoints>
              <BranchPoints>
                <BranchPoint vc="0" upsid="88" ordinal="0" path="0" offset="50" offsetend="52" sl="88" fileid="30" />
                <BranchPoint vc="1" upsid="88" ordinal="1" path="1" offset="50" offsetend="119" sl="88" fileid="30" />
                <BranchPoint vc="1" upsid="90" ordinal="2" path="0" offset="169" offsetend="171" sl="90" fileid="30" />
                <BranchPoint vc="0" upsid="90" ordinal="3" path="1" offset="169" offsetend="185" sl="90" fileid="30" />
              </BranchPoints>
              <MethodPoint vc="5" upsid="0" p8:type="SequencePoint" ordinal="0" offset="0" sc="0" sl="87" ec="1" el="94" bec="0" bev="0" fileid="30" xmlns:p8="xsi" />
            </Method>
          </Methods>
        </Class>
        <Class>
          <Summary numSequencePoints="13" visitedSequencePoints="12" numBranchPoints="10" visitedBranchPoints="6" sequenceCoverage="0,923" branchCoverage="0,6" maxCyclomaticComplexity="0" minCyclomaticComplexity="0" visitedClasses="1" numClasses="1" visitedMethods="1" numMethods="1" />
          <FullName>GeekBudget.Controllers.TabController/&lt;Update&gt;d__8</FullName>
          <Methods>
            <Method cyclomaticComplexity="0" nPathComplexity="0" sequenceCoverage="0,923" branchCoverage="0,6" isConstructor="False" isGetter="False" isSetter="False" isStatic="True">
              <Summary numSequencePoints="13" visitedSequencePoints="12" numBranchPoints="10" visitedBranchPoints="6" sequenceCoverage="0,923" branchCoverage="0,6" maxCyclomaticComplexity="0" minCyclomaticComplexity="0" visitedClasses="0" numClasses="0" visitedMethods="1" numMethods="1" />
              <MetadataToken />
              <Name>System.Void GeekBudget.Controllers.TabController/&lt;Update&gt;d__8::MoveNext()</Name>
              <FileRef uid="30" />
              <SequencePoints>
                <SequencePoint vc="2" upsid="98" ordinal="0" sl="98" sc="1" el="98" ec="2" bec="0" bev="0" fileid="30" />
                <SequencePoint vc="2" upsid="99" ordinal="1" sl="99" sc="1" el="99" ec="2" bec="0" bev="0" fileid="30" />
                <SequencePoint vc="2" upsid="100" ordinal="2" sl="100" sc="1" el="100" ec="2" bec="0" bev="0" fileid="30" />
                <SequencePoint vc="2" upsid="101" ordinal="3" sl="101" sc="1" el="101" ec="2" bec="0" bev="0" fileid="30" />
                <SequencePoint vc="2" upsid="102" ordinal="4" sl="102" sc="1" el="102" ec="2" bec="0" bev="0" fileid="30" />
                <SequencePoint vc="2" upsid="104" ordinal="5" sl="104" sc="1" el="104" ec="2" bec="0" bev="0" fileid="30" />
                <SequencePoint vc="1" upsid="105" ordinal="6" sl="105" sc="1" el="105" ec="2" bec="0" bev="0" fileid="30" />
                <SequencePoint vc="1" upsid="107" ordinal="7" sl="107" sc="1" el="107" ec="2" bec="0" bev="0" fileid="30" />
                <SequencePoint vc="1" upsid="109" ordinal="8" sl="109" sc="1" el="109" ec="2" bec="0" bev="0" fileid="30" />
                <SequencePoint vc="1" upsid="111" ordinal="9" sl="111" sc="1" el="111" ec="2" bec="0" bev="0" fileid="30" />
                <SequencePoint vc="1" upsid="112" ordinal="10" sl="112" sc="1" el="112" ec="2" bec="0" bev="0" fileid="30" />
                <SequencePoint vc="0" upsid="114" ordinal="11" sl="114" sc="1" el="114" ec="2" bec="0" bev="0" fileid="30" />
                <SequencePoint vc="2" upsid="115" ordinal="12" sl="115" sc="1" el="115" ec="2" bec="0" bev="0" fileid="30" />
              </SequencePoints>
              <BranchPoints>
                <BranchPoint vc="3" upsid="98" ordinal="0" path="0" offset="14" offsetend="28" sl="98" fileid="30" />
                <BranchPoint vc="0" upsid="98" ordinal="1" path="1" offset="14" offsetend="369" sl="98" fileid="30" />
                <BranchPoint vc="0" upsid="99" ordinal="2" path="0" offset="111" offsetend="113" sl="99" fileid="30" />
                <BranchPoint vc="3" upsid="99" ordinal="3" path="1" offset="111" offsetend="180" sl="99" fileid="30" />
                <BranchPoint vc="1" upsid="104" ordinal="4" path="0" offset="227" offsetend="229" sl="104" fileid="30" />
                <BranchPoint vc="1" upsid="104" ordinal="5" path="1" offset="227" offsetend="252" sl="104" fileid="30" />
                <BranchPoint vc="0" upsid="109" ordinal="6" path="0" offset="327" offsetend="329" sl="109" fileid="30" />
                <BranchPoint vc="1" upsid="109" ordinal="7" path="1" offset="327" offsetend="398" sl="109" fileid="30" />
                <BranchPoint vc="1" upsid="111" ordinal="8" path="0" offset="448" offsetend="450" sl="111" fileid="30" />
                <BranchPoint vc="0" upsid="111" ordinal="9" path="1" offset="448" offsetend="464" sl="111" fileid="30" />
              </BranchPoints>
              <MethodPoint vc="12" upsid="0" p8:type="SequencePoint" ordinal="0" offset="0" sc="0" sl="98" ec="1" el="115" bec="0" bev="0" fileid="30" xmlns:p8="xsi" />
            </Method>
          </Methods>
        </Class>
        <Class>
          <Summary numSequencePoints="9" visitedSequencePoints="9" numBranchPoints="0" visitedBranchPoints="0" sequenceCoverage="1" branchCoverage="0" maxCyclomaticComplexity="0" minCyclomaticComplexity="0" visitedClasses="1" numClasses="1" visitedMethods="2" numMethods="2" />
          <FullName>GeekBudget.Controllers.UserController</FullName>
          <Methods>
            <Method cyclomaticComplexity="0" nPathComplexity="0" sequenceCoverage="1" branchCoverage="0" isConstructor="False" isGetter="True" isSetter="False" isStatic="True">
              <Summary numSequencePoints="1" visitedSequencePoints="1" numBranchPoints="0" visitedBranchPoints="0" sequenceCoverage="1" branchCoverage="0" maxCyclomaticComplexity="0" minCyclomaticComplexity="0" visitedClasses="0" numClasses="0" visitedMethods="1" numMethods="1" />
              <MetadataToken />
              <Name>GeekBudget.Models.UserRepository GeekBudget.Controllers.UserController::get__userRepository()</Name>
              <FileRef uid="31" />
              <SequencePoints>
                <SequencePoint vc="2" upsid="13" ordinal="0" sl="13" sc="1" el="13" ec="2" bec="0" bev="0" fileid="31" />
              </SequencePoints>
              <BranchPoints />
              <MethodPoint vc="1" upsid="0" p8:type="SequencePoint" ordinal="0" offset="0" sc="0" sl="13" ec="1" el="13" bec="0" bev="0" fileid="31" xmlns:p8="xsi" />
            </Method>
            <Method cyclomaticComplexity="0" nPathComplexity="0" sequenceCoverage="1" branchCoverage="0" isConstructor="False" isGetter="False" isSetter="False" isStatic="True">
              <Summary numSequencePoints="8" visitedSequencePoints="8" numBranchPoints="0" visitedBranchPoints="0" sequenceCoverage="1" branchCoverage="0" maxCyclomaticComplexity="0" minCyclomaticComplexity="0" visitedClasses="0" numClasses="0" visitedMethods="1" numMethods="1" />
              <MetadataToken />
              <Name>Microsoft.AspNetCore.Mvc.IActionResult GeekBudget.Controllers.UserController::Add(System.String)</Name>
              <FileRef uid="31" />
              <SequencePoints>
                <SequencePoint vc="2" upsid="19" ordinal="0" sl="19" sc="1" el="19" ec="2" bec="0" bev="0" fileid="31" />
                <SequencePoint vc="2" upsid="21" ordinal="1" sl="21" sc="1" el="21" ec="2" bec="0" bev="0" fileid="31" />
                <SequencePoint vc="2" upsid="22" ordinal="2" sl="22" sc="1" el="22" ec="2" bec="0" bev="0" fileid="31" />
                <SequencePoint vc="1" upsid="23" ordinal="3" sl="23" sc="1" el="23" ec="2" bec="0" bev="0" fileid="31" />
                <SequencePoint vc="1" upsid="25" ordinal="4" sl="25" sc="1" el="25" ec="2" bec="0" bev="0" fileid="31" />
                <SequencePoint vc="1" upsid="26" ordinal="5" sl="26" sc="1" el="26" ec="2" bec="0" bev="0" fileid="31" />
                <SequencePoint vc="1" upsid="27" ordinal="6" sl="27" sc="1" el="27" ec="2" bec="0" bev="0" fileid="31" />
                <SequencePoint vc="2" upsid="29" ordinal="7" sl="29" sc="1" el="29" ec="2" bec="0" bev="0" fileid="31" />
              </SequencePoints>
              <BranchPoints />
              <MethodPoint vc="8" upsid="0" p8:type="SequencePoint" ordinal="1" offset="1" sc="0" sl="19" ec="1" el="29" bec="0" bev="0" fileid="31" xmlns:p8="xsi" />
            </Method>
          </Methods>
        </Class>
      </Classes>
    </Module>
  </Modules>
</CoverageSession>